[2026.05.17] [00:08:14] End Map [zm_gg]
[2026.05.17] [00:08:14] Start Map [zm_gg] AimSens [8] AimMaxWarns [5] NoSpreadNotifyWarns [15] NoSpreadMaxWarns [40]
[2026.05.17] [00:33:35] Start Map [zm_laura] AimSens [8] AimMaxWarns [5] NoSpreadNotifyWarns [15] NoSpreadMaxWarns [40]
[2026.05.17] [00:33:39] End Map [zm_laura]
[2026.05.17] [00:33:39] Start Map [zm_gg] AimSens [8] AimMaxWarns [5] NoSpreadNotifyWarns [15] NoSpreadMaxWarns [40]
[2026.05.17] [00:46:10] Start Map [zm_laura] AimSens [8] AimMaxWarns [5] NoSpreadNotifyWarns [15] NoSpreadMaxWarns [40]
[2026.05.17] [00:46:13] End Map [zm_laura]
[2026.05.17] [00:46:14] Start Map [zm_gg] AimSens [8] AimMaxWarns [5] NoSpreadNotifyWarns [15] NoSpreadMaxWarns [40]
[2026.05.17] [00:57:19] Start Map [zm_laura] AimSens [8] AimMaxWarns [5] NoSpreadNotifyWarns [15] NoSpreadMaxWarns [40]
[2026.05.17] [00:57:22] End Map [zm_laura]
[2026.05.17] [00:57:23] Start Map [zm_assault_remake] AimSens [8] AimMaxWarns [5] NoSpreadNotifyWarns [15] NoSpreadMaxWarns [40]
[2026.05.17] [01:04:03] Start Map [zm_laura] AimSens [8] AimMaxWarns [5] NoSpreadNotifyWarns [15] NoSpreadMaxWarns [40]
[2026.05.17] [01:04:07] End Map [zm_laura]
[2026.05.17] [01:04:07] Start Map [zm_assault_remake] AimSens [8] AimMaxWarns [5] NoSpreadNotifyWarns [15] NoSpreadMaxWarns [40]
[2026.05.17] [01:13:41] End Map [zm_assault_remake]
[2026.05.17] [01:13:41] Start Map [zm_cpl_egyptian] AimSens [8] AimMaxWarns [5] NoSpreadNotifyWarns [15] NoSpreadMaxWarns [40]
[2026.05.17] [01:21:34] Start Map [zm_laura] AimSens [8] AimMaxWarns [5] NoSpreadNotifyWarns [15] NoSpreadMaxWarns [40]
[2026.05.17] [01:21:38] End Map [zm_laura]
[2026.05.17] [01:21:38] Start Map [zm_cpl_egyptian] AimSens [8] AimMaxWarns [5] NoSpreadNotifyWarns [15] NoSpreadMaxWarns [40]
[2026.05.17] [01:32:00] End Map [zm_cpl_egyptian]
[2026.05.17] [01:32:00] Start Map [zm_cpl_egyptian] AimSens [8] AimMaxWarns [5] NoSpreadNotifyWarns [15] NoSpreadMaxWarns [40]
[2026.05.17] [11:03:32] Start Map [zm_laura] AimSens [8] AimMaxWarns [5] NoSpreadNotifyWarns [15] NoSpreadMaxWarns [40]
[2026.05.17] [11:03:36] End Map [zm_laura]
[2026.05.17] [11:03:36] Start Map [zm_cpl_egyptian] AimSens [8] AimMaxWarns [5] NoSpreadNotifyWarns [15] NoSpreadMaxWarns [40]
[2026.05.17] [11:28:23] End Map [zm_cpl_egyptian]
[2026.05.17] [11:28:24] Start Map [zm_gbox7] AimSens [8] AimMaxWarns [5] NoSpreadNotifyWarns [15] NoSpreadMaxWarns [40]
[2026.05.17] [11:53:25] End Map [zm_gbox7]
[2026.05.17] [11:53:25] Start Map [zm_iceworld_humans] AimSens [8] AimMaxWarns [5] NoSpreadNotifyWarns [15] NoSpreadMaxWarns [40]
[2026.05.17] [12:07:37] End Map [zm_iceworld_humans]
[2026.05.17] [12:07:37] Start Map [zm_iceworld_humans] AimSens [8] AimMaxWarns [5] NoSpreadNotifyWarns [15] NoSpreadMaxWarns [40]
[2026.05.17] [12:11:28] End Map [zm_iceworld_humans]
[2026.05.17] [12:11:28] Start Map [zm_iceworld_humans] AimSens [8] AimMaxWarns [5] NoSpreadNotifyWarns [15] NoSpreadMaxWarns [40]
[2026.05.17] [12:12:01] End Map [zm_iceworld_humans]
[2026.05.17] [12:12:01] Start Map [zm_iceworld_humans] AimSens [8] AimMaxWarns [5] NoSpreadNotifyWarns [15] NoSpreadMaxWarns [40]
[2026.05.17] [12:36:41] End Map [zm_iceworld_humans]
[2026.05.17] [12:36:42] Start Map [zm_biohazard_base_mx] AimSens [8] AimMaxWarns [5] NoSpreadNotifyWarns [15] NoSpreadMaxWarns [40]
[2026.05.17] [12:46:32] End Map [zm_biohazard_base_mx]
[2026.05.17] [12:46:33] Start Map [zm_biohazard_base_mx] AimSens [8] AimMaxWarns [5] NoSpreadNotifyWarns [15] NoSpreadMaxWarns [40]
[2026.05.17] [13:09:11] End Map [zm_biohazard_base_mx]
[2026.05.17] [13:09:11] Start Map [zm_gbox7] AimSens [8] AimMaxWarns [5] NoSpreadNotifyWarns [15] NoSpreadMaxWarns [40]
[2026.05.17] [13:10:06] Start Map [zm_laura] AimSens [8] AimMaxWarns [5] NoSpreadNotifyWarns [15] NoSpreadMaxWarns [40]
[2026.05.17] [13:10:10] End Map [zm_laura]
[2026.05.17] [13:10:10] Start Map [zm_gbox7] AimSens [8] AimMaxWarns [5] NoSpreadNotifyWarns [15] NoSpreadMaxWarns [40]
[2026.05.17] [13:12:31] End Map [zm_gbox7]
[2026.05.17] [13:12:32] Start Map [zm_gbox7] AimSens [8] AimMaxWarns [5] NoSpreadNotifyWarns [15] NoSpreadMaxWarns [40]
[2026.05.17] [13:36:05] End Map [zm_gbox7]
[2026.05.17] [13:36:05] Start Map [zm_gg] AimSens [8] AimMaxWarns [5] NoSpreadNotifyWarns [15] NoSpreadMaxWarns [40]
[2026.05.17] [13:58:46] End Map [zm_gg]
[2026.05.17] [13:58:46] Start Map [zm_3rooms] AimSens [8] AimMaxWarns [5] NoSpreadNotifyWarns [15] NoSpreadMaxWarns [40]
[2026.05.17] [14:21:41] End Map [zm_3rooms]
[2026.05.17] [14:21:42] Start Map [zm_iceworld_humans] AimSens [8] AimMaxWarns [5] NoSpreadNotifyWarns [15] NoSpreadMaxWarns [40]
[2026.05.17] [14:44:11] End Map [zm_iceworld_humans]
[2026.05.17] [14:44:12] Start Map [zm_laura] AimSens [8] AimMaxWarns [5] NoSpreadNotifyWarns [15] NoSpreadMaxWarns [40]
[2026.05.17] [14:46:05] Start Map [zm_laura] AimSens [8] AimMaxWarns [5] NoSpreadNotifyWarns [15] NoSpreadMaxWarns [40]
[2026.05.17] [14:52:56] Start Map [zm_laura] AimSens [8] AimMaxWarns [5] NoSpreadNotifyWarns [15] NoSpreadMaxWarns [40]
[2026.05.17] [14:53:50] Start Map [zm_laura] AimSens [8] AimMaxWarns [5] NoSpreadNotifyWarns [15] NoSpreadMaxWarns [40]
[2026.05.17] [14:53:53] End Map [zm_laura]
[2026.05.17] [14:54:11] Start Map [zm_laura] AimSens [8] AimMaxWarns [5] NoSpreadNotifyWarns [15] NoSpreadMaxWarns [40]
[2026.05.17] [14:54:15] End Map [zm_laura]
[2026.05.17] [14:54:17] Start Map [zm_snow_volta] AimSens [8] AimMaxWarns [5] NoSpreadNotifyWarns [15] NoSpreadMaxWarns [40]
[2026.05.17] [15:04:43] End Map [zm_snow_volta]
[2026.05.17] [15:04:44] Start Map [zm_snow_volta] AimSens [8] AimMaxWarns [5] NoSpreadNotifyWarns [15] NoSpreadMaxWarns [40]
[2026.05.17] [15:06:45] Start Map [zm_laura] AimSens [8] AimMaxWarns [5] NoSpreadNotifyWarns [15] NoSpreadMaxWarns [40]
[2026.05.17] [15:06:49] End Map [zm_laura]
[2026.05.17] [15:07:06] Start Map [zm_laura] AimSens [8] AimMaxWarns [5] NoSpreadNotifyWarns [15] NoSpreadMaxWarns [40]
[2026.05.17] [15:07:10] End Map [zm_laura]
[2026.05.17] [15:07:11] Start Map [zm_aztek] AimSens [8] AimMaxWarns [5] NoSpreadNotifyWarns [15] NoSpreadMaxWarns [40]
[2026.05.17] [15:18:32] Start Map [zm_laura] AimSens [8] AimMaxWarns [5] NoSpreadNotifyWarns [15] NoSpreadMaxWarns [40]
[2026.05.17] [15:18:36] End Map [zm_laura]
[2026.05.17] [15:18:44] Start Map [zm_laura] AimSens [8] AimMaxWarns [5] NoSpreadNotifyWarns [15] NoSpreadMaxWarns [40]
[2026.05.17] [15:18:48] End Map [zm_laura]
[2026.05.17] [15:19:24] Start Map [zm_laura] AimSens [8] AimMaxWarns [5] NoSpreadNotifyWarns [15] NoSpreadMaxWarns [40]
[2026.05.17] [15:19:28] End Map [zm_laura]
[2026.05.17] [15:19:29] Start Map [zm_biohazard_base_mx] AimSens [8] AimMaxWarns [5] NoSpreadNotifyWarns [15] NoSpreadMaxWarns [40]
[2026.05.17] [15:20:47] Start Map [zm_laura] AimSens [8] AimMaxWarns [5] NoSpreadNotifyWarns [15] NoSpreadMaxWarns [40]
[2026.05.17] [15:20:50] End Map [zm_laura]
[2026.05.17] [15:20:57] Start Map [zm_laura] AimSens [8] AimMaxWarns [5] NoSpreadNotifyWarns [15] NoSpreadMaxWarns [40]
[2026.05.17] [15:21:01] End Map [zm_laura]
[2026.05.17] [15:21:28] Start Map [zm_laura] AimSens [8] AimMaxWarns [5] NoSpreadNotifyWarns [15] NoSpreadMaxWarns [40]
[2026.05.17] [15:21:32] End Map [zm_laura]
[2026.05.17] [15:21:45] Start Map [zm_laura] AimSens [8] AimMaxWarns [5] NoSpreadNotifyWarns [15] NoSpreadMaxWarns [40]
[2026.05.17] [15:21:49] End Map [zm_laura]
[2026.05.17] [15:23:43] Start Map [zm_laura] AimSens [8] AimMaxWarns [5] NoSpreadNotifyWarns [15] NoSpreadMaxWarns [40]
[2026.05.17] [15:23:47] End Map [zm_laura]
[2026.05.17] [15:23:47] Start Map [zm_aztek] AimSens [8] AimMaxWarns [5] NoSpreadNotifyWarns [15] NoSpreadMaxWarns [40]
[2026.05.17] [15:27:22] End Map [zm_aztek]
[2026.05.17] [15:27:23] Start Map [zm_aztek] AimSens [8] AimMaxWarns [5] NoSpreadNotifyWarns [15] NoSpreadMaxWarns [40]
[2026.05.17] [15:32:31] Start Map [zm_laura] AimSens [8] AimMaxWarns [5] NoSpreadNotifyWarns [15] NoSpreadMaxWarns [40]
[2026.05.17] [15:32:35] End Map [zm_laura]
[2026.05.17] [15:32:36] Start Map [zm_biohazard_base_mx] AimSens [8] AimMaxWarns [5] NoSpreadNotifyWarns [15] NoSpreadMaxWarns [40]
[2026.05.17] [15:54:48] Start Map [zm_laura] AimSens [8] AimMaxWarns [5] NoSpreadNotifyWarns [15] NoSpreadMaxWarns [40]
[2026.05.17] [15:54:52] End Map [zm_laura]
[2026.05.17] [15:54:52] Start Map [zm_biohazard_base_mx] AimSens [8] AimMaxWarns [5] NoSpreadNotifyWarns [15] NoSpreadMaxWarns [40]
[2026.05.17] [16:05:05] End Map [zm_biohazard_base_mx]
[2026.05.17] [16:05:21] Start Map [zm_laura] AimSens [8] AimMaxWarns [5] NoSpreadNotifyWarns [15] NoSpreadMaxWarns [40]
[2026.05.17] [16:27:43] End Map [zm_laura]
[2026.05.17] [16:27:44] Start Map [zm_laura] AimSens [8] AimMaxWarns [5] NoSpreadNotifyWarns [15] NoSpreadMaxWarns [40]
[2026.05.17] [16:32:39] End Map [zm_laura]
[2026.05.17] [16:32:39] Start Map [zm_laura] AimSens [8] AimMaxWarns [5] NoSpreadNotifyWarns [15] NoSpreadMaxWarns [40]
[2026.05.17] [16:33:50] Start Map [zm_laura] AimSens [8] AimMaxWarns [5] NoSpreadNotifyWarns [15] NoSpreadMaxWarns [40]
[2026.05.17] [16:38:39] End Map [zm_laura]
[2026.05.17] [16:38:40] Start Map [zm_laura] AimSens [8] AimMaxWarns [5] NoSpreadNotifyWarns [15] NoSpreadMaxWarns [40]
[2026.05.17] [16:38:59] Start Map [zm_laura] AimSens [8] AimMaxWarns [5] NoSpreadNotifyWarns [15] NoSpreadMaxWarns [40]
[2026.05.17] [16:39:03] End Map [zm_laura]
[2026.05.17] [16:39:04] Start Map [zm_aztek] AimSens [8] AimMaxWarns [5] NoSpreadNotifyWarns [15] NoSpreadMaxWarns [40]
[2026.05.17] [16:53:06] Start Map [zm_laura] AimSens [8] AimMaxWarns [5] NoSpreadNotifyWarns [15] NoSpreadMaxWarns [40]
[2026.05.17] [16:53:10] End Map [zm_laura]
[2026.05.17] [16:53:11] Start Map [zm_aztek] AimSens [8] AimMaxWarns [5] NoSpreadNotifyWarns [15] NoSpreadMaxWarns [40]
[2026.05.17] [17:11:57] End Map [zm_aztek]
[2026.05.17] [17:12:00] Start Map [zm_aztek] AimSens [8] AimMaxWarns [5] NoSpreadNotifyWarns [15] NoSpreadMaxWarns [40]
[2026.05.17] [17:16:23] End Map [zm_aztek]
[2026.05.17] [17:16:23] Start Map [zm_aztek] AimSens [8] AimMaxWarns [5] NoSpreadNotifyWarns [15] NoSpreadMaxWarns [40]
[2026.05.17] [17:40:41] End Map [zm_aztek]
[2026.05.17] [17:40:42] Start Map [zm_ice_vk] AimSens [8] AimMaxWarns [5] NoSpreadNotifyWarns [15] NoSpreadMaxWarns [40]
[2026.05.17] [17:54:01] End Map [zm_ice_vk]
[2026.05.17] [17:54:01] Start Map [zm_ice_vk] AimSens [8] AimMaxWarns [5] NoSpreadNotifyWarns [15] NoSpreadMaxWarns [40]
[2026.05.17] [18:17:18] End Map [zm_ice_vk]
[2026.05.17] [18:17:18] Start Map [zm_cpl_egyptian] AimSens [8] AimMaxWarns [5] NoSpreadNotifyWarns [15] NoSpreadMaxWarns [40]
[2026.05.17] [18:39:37] End Map [zm_cpl_egyptian]
[2026.05.17] [18:39:38] Start Map [zm_deko2] AimSens [8] AimMaxWarns [5] NoSpreadNotifyWarns [15] NoSpreadMaxWarns [40]
[2026.05.17] [18:44:34] End Map [zm_deko2]
[2026.05.17] [18:44:34] Start Map [zm_deko2] AimSens [8] AimMaxWarns [5] NoSpreadNotifyWarns [15] NoSpreadMaxWarns [40]
[2026.05.17] [19:09:29] End Map [zm_deko2]
[2026.05.17] [19:09:29] Start Map [zm_aztek] AimSens [8] AimMaxWarns [5] NoSpreadNotifyWarns [15] NoSpreadMaxWarns [40]
[2026.05.17] [19:33:54] End Map [zm_aztek]
[2026.05.17] [19:33:56] Start Map [zm_foda] AimSens [8] AimMaxWarns [5] NoSpreadNotifyWarns [15] NoSpreadMaxWarns [40]
[2026.05.17] [19:54:31] Start Map [zm_laura] AimSens [8] AimMaxWarns [5] NoSpreadNotifyWarns [15] NoSpreadMaxWarns [40]
[2026.05.17] [19:54:35] End Map [zm_laura]
[2026.05.17] [19:54:36] Start Map [zm_foda] AimSens [8] AimMaxWarns [5] NoSpreadNotifyWarns [15] NoSpreadMaxWarns [40]
[2026.05.17] [19:57:21] Start Map [zm_laura] AimSens [8] AimMaxWarns [5] NoSpreadNotifyWarns [15] NoSpreadMaxWarns [40]
[2026.05.17] [19:57:25] End Map [zm_laura]
[2026.05.17] [19:57:26] Start Map [zm_foda] AimSens [8] AimMaxWarns [5] NoSpreadNotifyWarns [15] NoSpreadMaxWarns [40]
[2026.05.17] [20:16:53] Start Map [zm_laura] AimSens [8] AimMaxWarns [5] NoSpreadNotifyWarns [15] NoSpreadMaxWarns [40]
[2026.05.17] [20:16:58] End Map [zm_laura]
[2026.05.17] [20:16:58] Start Map [zm_gbox7] AimSens [8] AimMaxWarns [5] NoSpreadNotifyWarns [15] NoSpreadMaxWarns [40]
[2026.05.17] [20:25:12] End Map [zm_gbox7]
[2026.05.17] [20:25:12] Start Map [zm_gbox7] AimSens [8] AimMaxWarns [5] NoSpreadNotifyWarns [15] NoSpreadMaxWarns [40]
[2026.05.17] [20:50:07] End Map [zm_gbox7]
[2026.05.17] [20:50:07] Start Map [zm_snow_volta] AimSens [8] AimMaxWarns [5] NoSpreadNotifyWarns [15] NoSpreadMaxWarns [40]
[2026.05.17] [21:12:48] End Map [zm_snow_volta]
[2026.05.17] [21:12:48] Start Map [zm_biohazard_base_mx] AimSens [8] AimMaxWarns [5] NoSpreadNotifyWarns [15] NoSpreadMaxWarns [40]
[2026.05.17] [21:40:28] End Map [zm_biohazard_base_mx]
[2026.05.17] [21:40:29] Start Map [zm_terrible_invasion] AimSens [8] AimMaxWarns [5] NoSpreadNotifyWarns [15] NoSpreadMaxWarns [40]
[2026.05.17] [22:04:29] End Map [zm_terrible_invasion]
[2026.05.17] [22:04:29] Start Map [zm_foda] AimSens [8] AimMaxWarns [5] NoSpreadNotifyWarns [15] NoSpreadMaxWarns [40]
[2026.05.17] [22:28:28] End Map [zm_foda]
[2026.05.17] [22:28:28] Start Map [zm_five] AimSens [8] AimMaxWarns [5] NoSpreadNotifyWarns [15] NoSpreadMaxWarns [40]
[2026.05.17] [22:55:12] End Map [zm_five]
[2026.05.17] [22:55:13] Start Map [zm_foda] AimSens [8] AimMaxWarns [5] NoSpreadNotifyWarns [15] NoSpreadMaxWarns [40]
[2026.05.17] [23:06:37] End Map [zm_foda]
[2026.05.17] [23:06:37] Start Map [zm_foda] AimSens [8] AimMaxWarns [5] NoSpreadNotifyWarns [15] NoSpreadMaxWarns [40]
[2026.05.17] [23:32:15] End Map [zm_foda]
[2026.05.17] [23:32:15] Start Map [zm_gbox7] AimSens [8] AimMaxWarns [5] NoSpreadNotifyWarns [15] NoSpreadMaxWarns [40]
[2026.05.17] [23:55:22] End Map [zm_gbox7]
[2026.05.17] [23:55:22] Start Map [zm_gg] AimSens [8] AimMaxWarns [5] NoSpreadNotifyWarns [15] NoSpreadMaxWarns [40]
