[2026.05.19] [13:34:11] Start Map [zm_laura] AimSens [8] AimMaxWarns [5] NoSpreadNotifyWarns [15] NoSpreadMaxWarns [40]
[2026.05.19] [13:34:14] End Map [zm_laura]
[2026.05.19] [13:34:15] Start Map [zm_aztek] AimSens [8] AimMaxWarns [5] NoSpreadNotifyWarns [15] NoSpreadMaxWarns [40]
[2026.05.19] [13:58:20] End Map [zm_aztek]
[2026.05.19] [13:58:23] Start Map [zm_five] AimSens [8] AimMaxWarns [5] NoSpreadNotifyWarns [15] NoSpreadMaxWarns [40]
[2026.05.19] [14:02:23] End Map [zm_five]
[2026.05.19] [14:02:23] Start Map [zm_cpl_egyptian] AimSens [8] AimMaxWarns [5] NoSpreadNotifyWarns [15] NoSpreadMaxWarns [40]
[2026.05.19] [14:23:32] End Map [zm_cpl_egyptian]
[2026.05.19] [14:23:32] Start Map [zm_cpl_egyptian] AimSens [8] AimMaxWarns [5] NoSpreadNotifyWarns [15] NoSpreadMaxWarns [40]
[2026.05.19] [14:46:05] End Map [zm_cpl_egyptian]
[2026.05.19] [14:46:05] Start Map [zm_cpl_egyptian] AimSens [8] AimMaxWarns [5] NoSpreadNotifyWarns [15] NoSpreadMaxWarns [40]
[2026.05.19] [14:47:52] Start Map [zm_laura] AimSens [8] AimMaxWarns [5] NoSpreadNotifyWarns [15] NoSpreadMaxWarns [40]
[2026.05.19] [14:47:55] End Map [zm_laura]
[2026.05.19] [14:47:55] Start Map [zm_cpl_egyptian] AimSens [8] AimMaxWarns [5] NoSpreadNotifyWarns [15] NoSpreadMaxWarns [40]
[2026.05.19] [14:51:14] End Map [zm_cpl_egyptian]
[2026.05.19] [14:51:15] Start Map [zm_cpl_egyptian] AimSens [8] AimMaxWarns [5] NoSpreadNotifyWarns [15] NoSpreadMaxWarns [40]
[2026.05.19] [14:52:13] Start Map [zm_laura] AimSens [8] AimMaxWarns [5] NoSpreadNotifyWarns [15] NoSpreadMaxWarns [40]
[2026.05.19] [14:52:16] End Map [zm_laura]
[2026.05.19] [14:52:16] Start Map [zm_cpl_egyptian] AimSens [8] AimMaxWarns [5] NoSpreadNotifyWarns [15] NoSpreadMaxWarns [40]
[2026.05.19] [15:13:27] End Map [zm_cpl_egyptian]
[2026.05.19] [15:13:28] Start Map [zm_cpl_egyptian] AimSens [8] AimMaxWarns [5] NoSpreadNotifyWarns [15] NoSpreadMaxWarns [40]
[2026.05.19] [15:18:17] End Map [zm_cpl_egyptian]
[2026.05.19] [15:18:17] Start Map [zm_cpl_egyptian] AimSens [8] AimMaxWarns [5] NoSpreadNotifyWarns [15] NoSpreadMaxWarns [40]
[2026.05.19] [15:38:48] End Map [zm_cpl_egyptian]
[2026.05.19] [15:38:48] Start Map [zm_cpl_egyptian] AimSens [8] AimMaxWarns [5] NoSpreadNotifyWarns [15] NoSpreadMaxWarns [40]
[2026.05.19] [16:02:05] End Map [zm_cpl_egyptian]
[2026.05.19] [16:02:06] Start Map [zm_deko2] AimSens [8] AimMaxWarns [5] NoSpreadNotifyWarns [15] NoSpreadMaxWarns [40]
[2026.05.19] [16:27:39] End Map [zm_deko2]
[2026.05.19] [16:27:40] Start Map [zm_3rooms] AimSens [8] AimMaxWarns [5] NoSpreadNotifyWarns [15] NoSpreadMaxWarns [40]
[2026.05.19] [16:49:58] End Map [zm_3rooms]
[2026.05.19] [16:49:59] Start Map [zm_foda] AimSens [8] AimMaxWarns [5] NoSpreadNotifyWarns [15] NoSpreadMaxWarns [40]
[2026.05.19] [17:12:17] End Map [zm_foda]
[2026.05.19] [17:12:18] Start Map [zm_gbox7] AimSens [8] AimMaxWarns [5] NoSpreadNotifyWarns [15] NoSpreadMaxWarns [40]
[2026.05.19] [17:34:37] End Map [zm_gbox7]
[2026.05.19] [17:34:37] Start Map [zm_gg] AimSens [8] AimMaxWarns [5] NoSpreadNotifyWarns [15] NoSpreadMaxWarns [40]
[2026.05.19] [17:56:56] End Map [zm_gg]
[2026.05.19] [17:56:56] Start Map [zm_ice_vk] AimSens [8] AimMaxWarns [5] NoSpreadNotifyWarns [15] NoSpreadMaxWarns [40]
[2026.05.19] [18:19:15] End Map [zm_ice_vk]
[2026.05.19] [18:19:15] Start Map [zm_iceworld_humans] AimSens [8] AimMaxWarns [5] NoSpreadNotifyWarns [15] NoSpreadMaxWarns [40]
[2026.05.19] [18:41:35] End Map [zm_iceworld_humans]
[2026.05.19] [18:41:35] Start Map [zm_laura] AimSens [8] AimMaxWarns [5] NoSpreadNotifyWarns [15] NoSpreadMaxWarns [40]
[2026.05.19] [19:03:55] End Map [zm_laura]
[2026.05.19] [19:03:55] Start Map [zm_snow_volta] AimSens [8] AimMaxWarns [5] NoSpreadNotifyWarns [15] NoSpreadMaxWarns [40]
[2026.05.19] [19:26:14] End Map [zm_snow_volta]
[2026.05.19] [19:26:14] Start Map [zm_terrible_invasion] AimSens [8] AimMaxWarns [5] NoSpreadNotifyWarns [15] NoSpreadMaxWarns [40]
[2026.05.19] [19:31:22] End Map [zm_terrible_invasion]
[2026.05.19] [19:31:22] Start Map [zm_terrible_invasion] AimSens [8] AimMaxWarns [5] NoSpreadNotifyWarns [15] NoSpreadMaxWarns [40]
[2026.05.19] [19:36:38] End Map [zm_terrible_invasion]
[2026.05.19] [19:36:38] Start Map [zm_terrible_invasion] AimSens [8] AimMaxWarns [5] NoSpreadNotifyWarns [15] NoSpreadMaxWarns [40]
[2026.05.19] [19:39:58] End Map [zm_terrible_invasion]
[2026.05.19] [19:39:58] Start Map [zm_terrible_invasion] AimSens [8] AimMaxWarns [5] NoSpreadNotifyWarns [15] NoSpreadMaxWarns [40]
[2026.05.19] [20:04:49] End Map [zm_terrible_invasion]
[2026.05.19] [20:09:03] Start Map [zm_laura] AimSens [8] AimMaxWarns [5] NoSpreadNotifyWarns [15] NoSpreadMaxWarns [40]
[2026.05.19] [20:09:06] End Map [zm_laura]
[2026.05.19] [20:09:32] Start Map [zm_laura] AimSens [8] AimMaxWarns [5] NoSpreadNotifyWarns [15] NoSpreadMaxWarns [40]
[2026.05.19] [20:09:35] End Map [zm_laura]
[2026.05.19] [20:10:01] Start Map [zm_laura] AimSens [8] AimMaxWarns [5] NoSpreadNotifyWarns [15] NoSpreadMaxWarns [40]
[2026.05.19] [20:10:04] End Map [zm_laura]
[2026.05.19] [20:10:05] Start Map [zm_zod_dust] AimSens [8] AimMaxWarns [5] NoSpreadNotifyWarns [15] NoSpreadMaxWarns [40]
[2026.05.19] [20:13:16] End Map [zm_zod_dust]
[2026.05.19] [20:13:16] Start Map [zm_foda] AimSens [8] AimMaxWarns [5] NoSpreadNotifyWarns [15] NoSpreadMaxWarns [40]
[2026.05.19] [20:13:25] Start Map [zm_laura] AimSens [8] AimMaxWarns [5] NoSpreadNotifyWarns [15] NoSpreadMaxWarns [40]
[2026.05.19] [20:13:29] End Map [zm_laura]
[2026.05.19] [20:13:29] Start Map [zm_foda] AimSens [8] AimMaxWarns [5] NoSpreadNotifyWarns [15] NoSpreadMaxWarns [40]
