[2026.05.15] [02:26:19] Start Map [zm_laura] AimSens [8] AimMaxWarns [5] NoSpreadNotifyWarns [15] NoSpreadMaxWarns [40]
[2026.05.15] [03:04:14] Start Map [zm_laura] AimSens [8] AimMaxWarns [5] NoSpreadNotifyWarns [15] NoSpreadMaxWarns [40]
[2026.05.15] [03:07:20] Start Map [zm_laura] AimSens [8] AimMaxWarns [5] NoSpreadNotifyWarns [15] NoSpreadMaxWarns [40]
[2026.05.15] [03:09:43] Start Map [zm_laura] AimSens [8] AimMaxWarns [5] NoSpreadNotifyWarns [15] NoSpreadMaxWarns [40]
[2026.05.15] [03:11:53] Start Map [zm_laura] AimSens [8] AimMaxWarns [5] NoSpreadNotifyWarns [15] NoSpreadMaxWarns [40]
[2026.05.15] [03:32:03] End Map [zm_laura]
[2026.05.15] [03:32:03] Start Map [cs_assault] AimSens [8] AimMaxWarns [5] NoSpreadNotifyWarns [15] NoSpreadMaxWarns [40]
[2026.05.15] [10:34:50] End Map [cs_assault]
[2026.05.15] [10:34:52] Start Map [cs_italy] AimSens [8] AimMaxWarns [5] NoSpreadNotifyWarns [15] NoSpreadMaxWarns [40]
[2026.05.15] [10:55:02] End Map [cs_italy]
[2026.05.15] [10:55:02] Start Map [de_aztec] AimSens [8] AimMaxWarns [5] NoSpreadNotifyWarns [15] NoSpreadMaxWarns [40]
[2026.05.15] [11:15:11] End Map [de_aztec]
[2026.05.15] [11:15:13] Start Map [de_dust] AimSens [8] AimMaxWarns [5] NoSpreadNotifyWarns [15] NoSpreadMaxWarns [40]
[2026.05.15] [11:43:17] End Map [de_dust]
[2026.05.15] [12:44:51] Start Map [zm_laura] AimSens [8] AimMaxWarns [5] NoSpreadNotifyWarns [15] NoSpreadMaxWarns [40]
[2026.05.15] [12:54:02] Start Map [zm_laura] AimSens [8] AimMaxWarns [5] NoSpreadNotifyWarns [15] NoSpreadMaxWarns [40]
[2026.05.15] [12:59:24] Start Map [zm_laura] AimSens [8] AimMaxWarns [5] NoSpreadNotifyWarns [15] NoSpreadMaxWarns [40]
[2026.05.15] [13:21:28] End Map [zm_laura]
[2026.05.15] [13:21:29] Start Map [cs_assault] AimSens [8] AimMaxWarns [5] NoSpreadNotifyWarns [15] NoSpreadMaxWarns [40]
[2026.05.15] [13:41:38] End Map [cs_assault]
[2026.05.15] [13:41:38] Start Map [cs_italy] AimSens [8] AimMaxWarns [5] NoSpreadNotifyWarns [15] NoSpreadMaxWarns [40]
[2026.05.15] [14:01:48] End Map [cs_italy]
[2026.05.15] [14:01:48] Start Map [de_aztec] AimSens [8] AimMaxWarns [5] NoSpreadNotifyWarns [15] NoSpreadMaxWarns [40]
[2026.05.15] [14:21:57] End Map [de_aztec]
[2026.05.15] [14:21:58] Start Map [de_dust] AimSens [8] AimMaxWarns [5] NoSpreadNotifyWarns [15] NoSpreadMaxWarns [40]
[2026.05.15] [14:42:07] End Map [de_dust]
[2026.05.15] [14:42:07] Start Map [de_dust2] AimSens [8] AimMaxWarns [5] NoSpreadNotifyWarns [15] NoSpreadMaxWarns [40]
[2026.05.15] [15:02:17] End Map [de_dust2]
[2026.05.15] [15:02:17] Start Map [de_inferno] AimSens [8] AimMaxWarns [5] NoSpreadNotifyWarns [15] NoSpreadMaxWarns [40]
[2026.05.15] [15:12:00] Start Map [zm_laura] AimSens [8] AimMaxWarns [5] NoSpreadNotifyWarns [15] NoSpreadMaxWarns [40]
[2026.05.15] [15:15:05] Start Map [zm_laura] AimSens [8] AimMaxWarns [5] NoSpreadNotifyWarns [15] NoSpreadMaxWarns [40]
[2026.05.15] [15:18:23] Start Map [zm_laura] AimSens [8] AimMaxWarns [5] NoSpreadNotifyWarns [15] NoSpreadMaxWarns [40]
[2026.05.15] [15:31:37] Start Map [zm_laura] AimSens [8] AimMaxWarns [5] NoSpreadNotifyWarns [15] NoSpreadMaxWarns [40]
[2026.05.15] [15:49:07] Start Map [zm_laura] AimSens [8] AimMaxWarns [5] NoSpreadNotifyWarns [15] NoSpreadMaxWarns [40]
[2026.05.15] [15:52:33] Start Map [zm_laura] AimSens [8] AimMaxWarns [5] NoSpreadNotifyWarns [15] NoSpreadMaxWarns [40]
[2026.05.15] [15:55:08] Start Map [zm_laura] AimSens [8] AimMaxWarns [5] NoSpreadNotifyWarns [15] NoSpreadMaxWarns [40]
[2026.05.15] [16:01:27] Start Map [zm_laura] AimSens [8] AimMaxWarns [5] NoSpreadNotifyWarns [15] NoSpreadMaxWarns [40]
[2026.05.15] [16:25:09] Start Map [zm_laura] AimSens [8] AimMaxWarns [5] NoSpreadNotifyWarns [15] NoSpreadMaxWarns [40]
[2026.05.15] [17:00:57] Start Map [zm_laura] AimSens [8] AimMaxWarns [5] NoSpreadNotifyWarns [15] NoSpreadMaxWarns [40]
[2026.05.15] [17:10:40] Start Map [zm_laura] AimSens [8] AimMaxWarns [5] NoSpreadNotifyWarns [15] NoSpreadMaxWarns [40]
[2026.05.15] [17:19:28] Start Map [zm_laura] AimSens [8] AimMaxWarns [5] NoSpreadNotifyWarns [15] NoSpreadMaxWarns [40]
[2026.05.15] [18:15:58] Start Map [zm_laura] AimSens [8] AimMaxWarns [5] NoSpreadNotifyWarns [15] NoSpreadMaxWarns [40]
[2026.05.15] [18:17:20] Start Map [zm_laura] AimSens [8] AimMaxWarns [5] NoSpreadNotifyWarns [15] NoSpreadMaxWarns [40]
[2026.05.15] [18:49:37] Start Map [zm_laura] AimSens [8] AimMaxWarns [5] NoSpreadNotifyWarns [15] NoSpreadMaxWarns [40]
[2026.05.15] [18:52:09] Start Map [zm_laura] AimSens [8] AimMaxWarns [5] NoSpreadNotifyWarns [15] NoSpreadMaxWarns [40]
[2026.05.15] [19:12:19] End Map [zm_laura]
[2026.05.15] [19:12:20] Start Map [cs_assault] AimSens [8] AimMaxWarns [5] NoSpreadNotifyWarns [15] NoSpreadMaxWarns [40]
[2026.05.15] [19:20:27] Start Map [zm_laura] AimSens [8] AimMaxWarns [5] NoSpreadNotifyWarns [15] NoSpreadMaxWarns [40]
[2026.05.15] [19:22:07] Start Map [zm_laura] AimSens [8] AimMaxWarns [5] NoSpreadNotifyWarns [15] NoSpreadMaxWarns [40]
[2026.05.15] [19:24:20] Start Map [zm_laura] AimSens [8] AimMaxWarns [5] NoSpreadNotifyWarns [15] NoSpreadMaxWarns [40]
[2026.05.15] [19:45:14] Start Map [zm_laura] AimSens [8] AimMaxWarns [5] NoSpreadNotifyWarns [15] NoSpreadMaxWarns [40]
[2026.05.15] [19:53:06] Start Map [zm_laura] AimSens [8] AimMaxWarns [5] NoSpreadNotifyWarns [15] NoSpreadMaxWarns [40]
[2026.05.15] [19:59:10] Start Map [zm_laura] AimSens [8] AimMaxWarns [5] NoSpreadNotifyWarns [15] NoSpreadMaxWarns [40]
[2026.05.15] [20:01:31] End Map [zm_laura]
[2026.05.15] [20:01:31] Start Map [zm_laura] AimSens [8] AimMaxWarns [5] NoSpreadNotifyWarns [15] NoSpreadMaxWarns [40]
[2026.05.15] [20:02:46] End Map [zm_laura]
[2026.05.15] [20:02:46] Start Map [zm_laura] AimSens [8] AimMaxWarns [5] NoSpreadNotifyWarns [15] NoSpreadMaxWarns [40]
[2026.05.15] [20:52:08] Start Map [zm_laura] AimSens [8] AimMaxWarns [5] NoSpreadNotifyWarns [15] NoSpreadMaxWarns [40]
[2026.05.15] [20:55:47] Start Map [zm_laura] AimSens [8] AimMaxWarns [5] NoSpreadNotifyWarns [15] NoSpreadMaxWarns [40]
[2026.05.15] [20:56:36] Start Map [zm_laura] AimSens [8] AimMaxWarns [5] NoSpreadNotifyWarns [15] NoSpreadMaxWarns [40]
[2026.05.15] [20:59:53] Start Map [zm_laura] AimSens [8] AimMaxWarns [5] NoSpreadNotifyWarns [15] NoSpreadMaxWarns [40]
[2026.05.15] [21:02:47] Start Map [zm_laura] AimSens [8] AimMaxWarns [5] NoSpreadNotifyWarns [15] NoSpreadMaxWarns [40]
[2026.05.15] [21:03:31] Start Map [zm_laura] AimSens [8] AimMaxWarns [5] NoSpreadNotifyWarns [15] NoSpreadMaxWarns [40]
[2026.05.15] [21:03:55] Start Map [zm_laura] AimSens [8] AimMaxWarns [5] NoSpreadNotifyWarns [15] NoSpreadMaxWarns [40]
[2026.05.15] [21:17:25] Start Map [zm_laura] AimSens [8] AimMaxWarns [5] NoSpreadNotifyWarns [15] NoSpreadMaxWarns [40]
[2026.05.15] [21:23:23] Start Map [zm_laura] AimSens [8] AimMaxWarns [5] NoSpreadNotifyWarns [15] NoSpreadMaxWarns [40]
[2026.05.15] [21:27:38] Start Map [zm_laura] AimSens [8] AimMaxWarns [5] NoSpreadNotifyWarns [15] NoSpreadMaxWarns [40]
[2026.05.15] [21:35:02] Start Map [zm_laura] AimSens [8] AimMaxWarns [5] NoSpreadNotifyWarns [15] NoSpreadMaxWarns [40]
[2026.05.15] [21:47:19] Start Map [zm_laura] AimSens [8] AimMaxWarns [5] NoSpreadNotifyWarns [15] NoSpreadMaxWarns [40]
[2026.05.15] [21:49:31] Start Map [zm_laura] AimSens [8] AimMaxWarns [5] NoSpreadNotifyWarns [15] NoSpreadMaxWarns [40]
[2026.05.15] [21:51:06] Start Map [zm_laura] AimSens [8] AimMaxWarns [5] NoSpreadNotifyWarns [15] NoSpreadMaxWarns [40]
[2026.05.15] [21:54:37] Start Map [zm_laura] AimSens [8] AimMaxWarns [5] NoSpreadNotifyWarns [15] NoSpreadMaxWarns [40]
[2026.05.15] [22:00:41] Start Map [zm_laura] AimSens [8] AimMaxWarns [5] NoSpreadNotifyWarns [15] NoSpreadMaxWarns [40]
[2026.05.15] [22:06:04] Start Map [zm_laura] AimSens [8] AimMaxWarns [5] NoSpreadNotifyWarns [15] NoSpreadMaxWarns [40]
[2026.05.15] [22:10:23] Start Map [zm_laura] AimSens [8] AimMaxWarns [5] NoSpreadNotifyWarns [15] NoSpreadMaxWarns [40]
[2026.05.15] [22:16:23] Start Map [zm_laura] AimSens [8] AimMaxWarns [5] NoSpreadNotifyWarns [15] NoSpreadMaxWarns [40]
[2026.05.15] [23:11:49] Start Map [zm_laura] AimSens [8] AimMaxWarns [5] NoSpreadNotifyWarns [15] NoSpreadMaxWarns [40]
[2026.05.15] [23:32:08] End Map [zm_laura]
[2026.05.15] [23:32:09] Start Map [cs_assault] AimSens [8] AimMaxWarns [5] NoSpreadNotifyWarns [15] NoSpreadMaxWarns [40]
[2026.05.15] [23:36:34] Start Map [zm_laura] AimSens [8] AimMaxWarns [5] NoSpreadNotifyWarns [15] NoSpreadMaxWarns [40]
[2026.05.15] [23:40:30] Start Map [zm_laura] AimSens [8] AimMaxWarns [5] NoSpreadNotifyWarns [15] NoSpreadMaxWarns [40]
[2026.05.15] [23:42:06] Start Map [zm_laura] AimSens [8] AimMaxWarns [5] NoSpreadNotifyWarns [15] NoSpreadMaxWarns [40]
[2026.05.15] [23:44:11] Start Map [zm_laura] AimSens [8] AimMaxWarns [5] NoSpreadNotifyWarns [15] NoSpreadMaxWarns [40]
[2026.05.15] [23:46:43] Start Map [zm_laura] AimSens [8] AimMaxWarns [5] NoSpreadNotifyWarns [15] NoSpreadMaxWarns [40]
