[2026.05.20] [00:50:08] Start Map [zm_laura] AimSens [8] AimMaxWarns [5] NoSpreadNotifyWarns [15] NoSpreadMaxWarns [40]
[2026.05.20] [00:50:11] End Map [zm_laura]
[2026.05.20] [00:50:12] Start Map [zm_foda] AimSens [8] AimMaxWarns [5] NoSpreadNotifyWarns [15] NoSpreadMaxWarns [40]
[2026.05.20] [00:50:50] Start Map [zm_laura] AimSens [8] AimMaxWarns [5] NoSpreadNotifyWarns [15] NoSpreadMaxWarns [40]
[2026.05.20] [00:50:53] End Map [zm_laura]
[2026.05.20] [00:50:54] Start Map [zm_biohazard_base_mx] AimSens [8] AimMaxWarns [5] NoSpreadNotifyWarns [15] NoSpreadMaxWarns [40]
[2026.05.20] [00:51:24] End Map [zm_biohazard_base_mx]
[2026.05.20] [00:51:24] Start Map [zm_biohazard_base_mx] AimSens [8] AimMaxWarns [5] NoSpreadNotifyWarns [15] NoSpreadMaxWarns [40]
[2026.05.20] [01:14:54] End Map [zm_biohazard_base_mx]
[2026.05.20] [01:14:54] Start Map [zm_biohazard_base_mx] AimSens [8] AimMaxWarns [5] NoSpreadNotifyWarns [15] NoSpreadMaxWarns [40]
[2026.05.20] [01:27:16] End Map [zm_biohazard_base_mx]
[2026.05.20] [01:27:17] Start Map [zm_biohazard_base_mx] AimSens [8] AimMaxWarns [5] NoSpreadNotifyWarns [15] NoSpreadMaxWarns [40]
[2026.05.20] [01:34:10] End Map [zm_biohazard_base_mx]
[2026.05.20] [01:34:11] Start Map [zm_biohazard_base_mx] AimSens [8] AimMaxWarns [5] NoSpreadNotifyWarns [15] NoSpreadMaxWarns [40]
[2026.05.20] [01:56:29] End Map [zm_biohazard_base_mx]
[2026.05.20] [01:56:29] Start Map [zm_aztek] AimSens [8] AimMaxWarns [5] NoSpreadNotifyWarns [15] NoSpreadMaxWarns [40]
[2026.05.20] [02:18:48] End Map [zm_aztek]
[2026.05.20] [02:18:48] Start Map [zm_biohazard_base_mx] AimSens [8] AimMaxWarns [5] NoSpreadNotifyWarns [15] NoSpreadMaxWarns [40]
[2026.05.20] [02:53:23] End Map [zm_biohazard_base_mx]
[2026.05.20] [02:53:24] Start Map [zm_snow_volta] AimSens [8] AimMaxWarns [5] NoSpreadNotifyWarns [15] NoSpreadMaxWarns [40]
[2026.05.20] [03:06:38] End Map [zm_snow_volta]
[2026.05.20] [03:06:39] Start Map [zm_snow_volta] AimSens [8] AimMaxWarns [5] NoSpreadNotifyWarns [15] NoSpreadMaxWarns [40]
[2026.05.20] [03:28:58] End Map [zm_snow_volta]
[2026.05.20] [03:29:00] Start Map [zm_snow_volta] AimSens [8] AimMaxWarns [5] NoSpreadNotifyWarns [15] NoSpreadMaxWarns [40]
[2026.05.20] [03:30:39] End Map [zm_snow_volta]
[2026.05.20] [03:30:39] Start Map [zm_snow_volta] AimSens [8] AimMaxWarns [5] NoSpreadNotifyWarns [15] NoSpreadMaxWarns [40]
[2026.05.20] [03:31:52] End Map [zm_snow_volta]
[2026.05.20] [03:31:52] Start Map [zm_snow_volta] AimSens [8] AimMaxWarns [5] NoSpreadNotifyWarns [15] NoSpreadMaxWarns [40]
[2026.05.20] [03:33:52] End Map [zm_snow_volta]
[2026.05.20] [03:33:52] Start Map [zm_snow_volta] AimSens [8] AimMaxWarns [5] NoSpreadNotifyWarns [15] NoSpreadMaxWarns [40]
[2026.05.20] [03:40:31] End Map [zm_snow_volta]
[2026.05.20] [03:40:32] Start Map [zm_snow_volta] AimSens [8] AimMaxWarns [5] NoSpreadNotifyWarns [15] NoSpreadMaxWarns [40]
[2026.05.20] [03:44:04] End Map [zm_snow_volta]
[2026.05.20] [03:44:04] Start Map [zm_snow_volta] AimSens [8] AimMaxWarns [5] NoSpreadNotifyWarns [15] NoSpreadMaxWarns [40]
[2026.05.20] [03:49:36] End Map [zm_snow_volta]
[2026.05.20] [03:49:36] Start Map [zm_snow_volta] AimSens [8] AimMaxWarns [5] NoSpreadNotifyWarns [15] NoSpreadMaxWarns [40]
[2026.05.20] [03:54:27] End Map [zm_snow_volta]
[2026.05.20] [03:54:30] Start Map [zm_snow_volta] AimSens [8] AimMaxWarns [5] NoSpreadNotifyWarns [15] NoSpreadMaxWarns [40]
[2026.05.20] [04:08:52] End Map [zm_snow_volta]
[2026.05.20] [04:08:52] Start Map [zm_snow_volta] AimSens [8] AimMaxWarns [5] NoSpreadNotifyWarns [15] NoSpreadMaxWarns [40]
[2026.05.20] [04:24:28] End Map [zm_snow_volta]
[2026.05.20] [04:24:29] Start Map [zm_snow_volta] AimSens [8] AimMaxWarns [5] NoSpreadNotifyWarns [15] NoSpreadMaxWarns [40]
[2026.05.20] [04:30:21] End Map [zm_snow_volta]
[2026.05.20] [04:30:21] Start Map [zm_snow_volta] AimSens [8] AimMaxWarns [5] NoSpreadNotifyWarns [15] NoSpreadMaxWarns [40]
[2026.05.20] [04:33:31] End Map [zm_snow_volta]
[2026.05.20] [04:33:32] Start Map [zm_snow_volta] AimSens [8] AimMaxWarns [5] NoSpreadNotifyWarns [15] NoSpreadMaxWarns [40]
[2026.05.20] [11:40:07] Start Map [zm_laura] AimSens [8] AimMaxWarns [5] NoSpreadNotifyWarns [15] NoSpreadMaxWarns [40]
[2026.05.20] [11:40:11] End Map [zm_laura]
[2026.05.20] [11:40:11] Start Map [zm_snow_volta] AimSens [8] AimMaxWarns [5] NoSpreadNotifyWarns [15] NoSpreadMaxWarns [40]
[2026.05.20] [11:55:18] End Map [zm_snow_volta]
[2026.05.20] [11:55:18] Start Map [zm_snow_volta] AimSens [8] AimMaxWarns [5] NoSpreadNotifyWarns [15] NoSpreadMaxWarns [40]
[2026.05.20] [12:18:53] End Map [zm_snow_volta]
[2026.05.20] [12:18:53] Start Map [zm_cpl_egyptian] AimSens [8] AimMaxWarns [5] NoSpreadNotifyWarns [15] NoSpreadMaxWarns [40]
[2026.05.20] [12:28:11] End Map [zm_cpl_egyptian]
[2026.05.20] [12:28:11] Start Map [zm_cpl_egyptian] AimSens [8] AimMaxWarns [5] NoSpreadNotifyWarns [15] NoSpreadMaxWarns [40]
[2026.05.20] [12:31:55] End Map [zm_cpl_egyptian]
[2026.05.20] [12:31:56] Start Map [zm_cpl_egyptian] AimSens [8] AimMaxWarns [5] NoSpreadNotifyWarns [15] NoSpreadMaxWarns [40]
[2026.05.20] [12:58:13] End Map [zm_cpl_egyptian]
[2026.05.20] [12:58:13] Start Map [zm_five] AimSens [8] AimMaxWarns [5] NoSpreadNotifyWarns [15] NoSpreadMaxWarns [40]
[2026.05.20] [13:10:43] End Map [zm_five]
[2026.05.20] [13:10:43] Start Map [zm_five] AimSens [8] AimMaxWarns [5] NoSpreadNotifyWarns [15] NoSpreadMaxWarns [40]
[2026.05.20] [13:35:30] End Map [zm_five]
[2026.05.20] [13:35:30] Start Map [zm_terrible_invasion] AimSens [8] AimMaxWarns [5] NoSpreadNotifyWarns [15] NoSpreadMaxWarns [40]
[2026.05.20] [14:03:27] End Map [zm_terrible_invasion]
[2026.05.20] [14:03:27] Start Map [zm_gbox7] AimSens [8] AimMaxWarns [5] NoSpreadNotifyWarns [15] NoSpreadMaxWarns [40]
[2026.05.20] [14:27:21] End Map [zm_gbox7]
[2026.05.20] [14:27:21] Start Map [zm_gg] AimSens [8] AimMaxWarns [5] NoSpreadNotifyWarns [15] NoSpreadMaxWarns [40]
[2026.05.20] [14:52:08] End Map [zm_gg]
[2026.05.20] [14:52:08] Start Map [zm_iceworld_humans] AimSens [8] AimMaxWarns [5] NoSpreadNotifyWarns [15] NoSpreadMaxWarns [40]
[2026.05.20] [15:08:43] End Map [zm_iceworld_humans]
[2026.05.20] [15:08:43] Start Map [zm_iceworld_humans] AimSens [8] AimMaxWarns [5] NoSpreadNotifyWarns [15] NoSpreadMaxWarns [40]
[2026.05.20] [15:09:21] Start Map [zm_laura] AimSens [8] AimMaxWarns [5] NoSpreadNotifyWarns [15] NoSpreadMaxWarns [40]
[2026.05.20] [15:09:25] End Map [zm_laura]
[2026.05.20] [15:09:25] Start Map [zm_iceworld_humans] AimSens [8] AimMaxWarns [5] NoSpreadNotifyWarns [15] NoSpreadMaxWarns [40]
[2026.05.20] [15:12:29] End Map [zm_iceworld_humans]
[2026.05.20] [15:12:30] Start Map [zm_iceworld_humans] AimSens [8] AimMaxWarns [5] NoSpreadNotifyWarns [15] NoSpreadMaxWarns [40]
[2026.05.20] [15:12:50] Start Map [zm_laura] AimSens [8] AimMaxWarns [5] NoSpreadNotifyWarns [15] NoSpreadMaxWarns [40]
[2026.05.20] [15:12:54] End Map [zm_laura]
[2026.05.20] [15:12:55] Start Map [zm_iceworld_humans] AimSens [8] AimMaxWarns [5] NoSpreadNotifyWarns [15] NoSpreadMaxWarns [40]
[2026.05.20] [15:14:17] End Map [zm_iceworld_humans]
[2026.05.20] [15:14:17] Start Map [zm_iceworld_humans] AimSens [8] AimMaxWarns [5] NoSpreadNotifyWarns [15] NoSpreadMaxWarns [40]
[2026.05.20] [15:14:32] Start Map [zm_laura] AimSens [8] AimMaxWarns [5] NoSpreadNotifyWarns [15] NoSpreadMaxWarns [40]
[2026.05.20] [15:16:08] End Map [zm_laura]
[2026.05.20] [15:16:08] Start Map [zm_laura] AimSens [8] AimMaxWarns [5] NoSpreadNotifyWarns [15] NoSpreadMaxWarns [40]
[2026.05.20] [15:27:10] End Map [zm_laura]
[2026.05.20] [15:27:21] Start Map [zm_laura] AimSens [8] AimMaxWarns [5] NoSpreadNotifyWarns [15] NoSpreadMaxWarns [40]
[2026.05.20] [15:27:25] End Map [zm_laura]
[2026.05.20] [15:27:26] Start Map [zm_aztek] AimSens [8] AimMaxWarns [5] NoSpreadNotifyWarns [15] NoSpreadMaxWarns [40]
[2026.05.20] [15:55:22] End Map [zm_aztek]
[2026.05.20] [15:55:22] Start Map [zm_foda] AimSens [8] AimMaxWarns [5] NoSpreadNotifyWarns [15] NoSpreadMaxWarns [40]
[2026.05.20] [16:20:30] End Map [zm_foda]
[2026.05.20] [16:20:30] Start Map [zm_terrible_invasion] AimSens [8] AimMaxWarns [5] NoSpreadNotifyWarns [15] NoSpreadMaxWarns [40]
[2026.05.20] [16:24:27] End Map [zm_terrible_invasion]
[2026.05.20] [16:24:27] Start Map [zm_terrible_invasion] AimSens [8] AimMaxWarns [5] NoSpreadNotifyWarns [15] NoSpreadMaxWarns [40]
[2026.05.20] [16:25:52] Start Map [zm_laura] AimSens [8] AimMaxWarns [5] NoSpreadNotifyWarns [15] NoSpreadMaxWarns [40]
[2026.05.20] [16:25:56] End Map [zm_laura]
[2026.05.20] [16:25:56] Start Map [zm_terrible_invasion] AimSens [8] AimMaxWarns [5] NoSpreadNotifyWarns [15] NoSpreadMaxWarns [40]
[2026.05.20] [16:53:53] End Map [zm_terrible_invasion]
[2026.05.20] [16:53:53] Start Map [zm_cpl_egyptian] AimSens [8] AimMaxWarns [5] NoSpreadNotifyWarns [15] NoSpreadMaxWarns [40]
[2026.05.20] [17:17:31] End Map [zm_cpl_egyptian]
[2026.05.20] [17:17:33] Start Map [zm_deko2] AimSens [8] AimMaxWarns [5] NoSpreadNotifyWarns [15] NoSpreadMaxWarns [40]
[2026.05.20] [17:39:53] End Map [zm_deko2]
[2026.05.20] [17:39:55] Start Map [zm_five] AimSens [8] AimMaxWarns [5] NoSpreadNotifyWarns [15] NoSpreadMaxWarns [40]
[2026.05.20] [18:02:14] End Map [zm_five]
[2026.05.20] [18:02:15] Start Map [zm_foda] AimSens [8] AimMaxWarns [5] NoSpreadNotifyWarns [15] NoSpreadMaxWarns [40]
[2026.05.20] [18:24:35] End Map [zm_foda]
[2026.05.20] [18:24:35] Start Map [zm_gbox7] AimSens [8] AimMaxWarns [5] NoSpreadNotifyWarns [15] NoSpreadMaxWarns [40]
[2026.05.20] [18:38:21] Start Map [zm_laura] AimSens [8] AimMaxWarns [5] NoSpreadNotifyWarns [15] NoSpreadMaxWarns [40]
[2026.05.20] [18:38:25] End Map [zm_laura]
[2026.05.20] [18:38:26] Start Map [zm_gbox7] AimSens [8] AimMaxWarns [5] NoSpreadNotifyWarns [15] NoSpreadMaxWarns [40]
[2026.05.20] [18:44:46] End Map [zm_gbox7]
[2026.05.20] [18:44:47] Start Map [zm_gbox7] AimSens [8] AimMaxWarns [5] NoSpreadNotifyWarns [15] NoSpreadMaxWarns [40]
[2026.05.20] [18:49:53] End Map [zm_gbox7]
[2026.05.20] [18:49:54] Start Map [zm_gbox7] AimSens [8] AimMaxWarns [5] NoSpreadNotifyWarns [15] NoSpreadMaxWarns [40]
[2026.05.20] [19:20:13] End Map [zm_gbox7]
[2026.05.20] [19:20:13] Start Map [zm_gg] AimSens [8] AimMaxWarns [5] NoSpreadNotifyWarns [15] NoSpreadMaxWarns [40]
[2026.05.20] [20:03:58] End Map [zm_gg]
[2026.05.20] [20:03:58] Start Map [zm_gg] AimSens [8] AimMaxWarns [5] NoSpreadNotifyWarns [15] NoSpreadMaxWarns [40]
[2026.05.20] [20:09:31] Start Map [zm_laura] AimSens [8] AimMaxWarns [5] NoSpreadNotifyWarns [15] NoSpreadMaxWarns [40]
[2026.05.20] [20:09:35] End Map [zm_laura]
[2026.05.20] [20:09:35] Start Map [zm_gg] AimSens [8] AimMaxWarns [5] NoSpreadNotifyWarns [15] NoSpreadMaxWarns [40]
[2026.05.20] [20:31:55] End Map [zm_gg]
[2026.05.20] [20:31:55] Start Map [zm_ice_vk] AimSens [8] AimMaxWarns [5] NoSpreadNotifyWarns [15] NoSpreadMaxWarns [40]
[2026.05.20] [20:54:15] End Map [zm_ice_vk]
[2026.05.20] [20:54:15] Start Map [zm_iceworld_humans] AimSens [8] AimMaxWarns [5] NoSpreadNotifyWarns [15] NoSpreadMaxWarns [40]
[2026.05.20] [21:16:35] End Map [zm_iceworld_humans]
[2026.05.20] [21:16:35] Start Map [zm_laura] AimSens [8] AimMaxWarns [5] NoSpreadNotifyWarns [15] NoSpreadMaxWarns [40]
[2026.05.20] [21:38:55] End Map [zm_laura]
[2026.05.20] [21:38:55] Start Map [zm_snow_volta] AimSens [8] AimMaxWarns [5] NoSpreadNotifyWarns [15] NoSpreadMaxWarns [40]
[2026.05.20] [22:01:15] End Map [zm_snow_volta]
[2026.05.20] [22:01:15] Start Map [zm_terrible_invasion] AimSens [8] AimMaxWarns [5] NoSpreadNotifyWarns [15] NoSpreadMaxWarns [40]
[2026.05.20] [22:23:34] End Map [zm_terrible_invasion]
