[2026.05.18] [00:18:13] End Map [zm_gg]
[2026.05.18] [00:18:13] Start Map [zm_ice_vk] AimSens [8] AimMaxWarns [5] NoSpreadNotifyWarns [15] NoSpreadMaxWarns [40]
[2026.05.18] [00:24:01] End Map [zm_ice_vk]
[2026.05.18] [00:24:01] Start Map [zm_ice_vk] AimSens [8] AimMaxWarns [5] NoSpreadNotifyWarns [15] NoSpreadMaxWarns [40]
[2026.05.18] [00:24:17] End Map [zm_ice_vk]
[2026.05.18] [00:24:17] Start Map [zm_ice_vk] AimSens [8] AimMaxWarns [5] NoSpreadNotifyWarns [15] NoSpreadMaxWarns [40]
[2026.05.18] [00:25:06] Start Map [zm_laura] AimSens [8] AimMaxWarns [5] NoSpreadNotifyWarns [15] NoSpreadMaxWarns [40]
[2026.05.18] [00:25:10] End Map [zm_laura]
[2026.05.18] [00:25:10] Start Map [zm_ice_vk] AimSens [8] AimMaxWarns [5] NoSpreadNotifyWarns [15] NoSpreadMaxWarns [40]
[2026.05.18] [00:30:07] Start Map [zm_laura] AimSens [8] AimMaxWarns [5] NoSpreadNotifyWarns [15] NoSpreadMaxWarns [40]
[2026.05.18] [00:30:10] End Map [zm_laura]
[2026.05.18] [00:30:11] Start Map [zm_ice_vk] AimSens [8] AimMaxWarns [5] NoSpreadNotifyWarns [15] NoSpreadMaxWarns [40]
[2026.05.18] [00:37:54] Start Map [zm_laura] AimSens [8] AimMaxWarns [5] NoSpreadNotifyWarns [15] NoSpreadMaxWarns [40]
[2026.05.18] [00:37:58] End Map [zm_laura]
[2026.05.18] [00:37:58] Start Map [zm_iceworld_humans] AimSens [8] AimMaxWarns [5] NoSpreadNotifyWarns [15] NoSpreadMaxWarns [40]
[2026.05.18] [00:40:57] Start Map [zm_laura] AimSens [8] AimMaxWarns [5] NoSpreadNotifyWarns [15] NoSpreadMaxWarns [40]
[2026.05.18] [00:41:00] End Map [zm_laura]
[2026.05.18] [00:41:01] Start Map [zm_iceworld_humans] AimSens [8] AimMaxWarns [5] NoSpreadNotifyWarns [15] NoSpreadMaxWarns [40]
[2026.05.18] [00:53:54] Start Map [zm_laura] AimSens [8] AimMaxWarns [5] NoSpreadNotifyWarns [15] NoSpreadMaxWarns [40]
[2026.05.18] [00:53:58] End Map [zm_laura]
[2026.05.18] [00:53:58] Start Map [zm_iceworld_humans] AimSens [8] AimMaxWarns [5] NoSpreadNotifyWarns [15] NoSpreadMaxWarns [40]
[2026.05.18] [01:10:30] End Map [zm_iceworld_humans]
[2026.05.18] [01:10:31] Start Map [zm_iceworld_humans] AimSens [8] AimMaxWarns [5] NoSpreadNotifyWarns [15] NoSpreadMaxWarns [40]
[2026.05.18] [01:33:03] End Map [zm_iceworld_humans]
[2026.05.18] [01:33:03] Start Map [zm_biohazard_base_mx] AimSens [8] AimMaxWarns [5] NoSpreadNotifyWarns [15] NoSpreadMaxWarns [40]
[2026.05.18] [13:12:39] Start Map [zm_laura] AimSens [8] AimMaxWarns [5] NoSpreadNotifyWarns [15] NoSpreadMaxWarns [40]
[2026.05.18] [13:12:42] End Map [zm_laura]
[2026.05.18] [13:12:43] Start Map [zm_biohazard_base_mx] AimSens [8] AimMaxWarns [5] NoSpreadNotifyWarns [15] NoSpreadMaxWarns [40]
[2026.05.18] [13:37:59] End Map [zm_biohazard_base_mx]
[2026.05.18] [13:37:59] Start Map [zm_cpl_egyptian] AimSens [8] AimMaxWarns [5] NoSpreadNotifyWarns [15] NoSpreadMaxWarns [40]
[2026.05.18] [14:02:20] End Map [zm_cpl_egyptian]
[2026.05.18] [14:02:21] Start Map [zm_deko2] AimSens [8] AimMaxWarns [5] NoSpreadNotifyWarns [15] NoSpreadMaxWarns [40]
[2026.05.18] [14:29:05] End Map [zm_deko2]
[2026.05.18] [14:29:06] Start Map [zm_gbox7] AimSens [8] AimMaxWarns [5] NoSpreadNotifyWarns [15] NoSpreadMaxWarns [40]
[2026.05.18] [14:56:53] End Map [zm_gbox7]
[2026.05.18] [14:56:54] Start Map [zm_laura] AimSens [8] AimMaxWarns [5] NoSpreadNotifyWarns [15] NoSpreadMaxWarns [40]
[2026.05.18] [15:20:51] End Map [zm_laura]
[2026.05.18] [15:20:51] Start Map [zm_gbox7] AimSens [8] AimMaxWarns [5] NoSpreadNotifyWarns [15] NoSpreadMaxWarns [40]
[2026.05.18] [15:44:27] End Map [zm_gbox7]
[2026.05.18] [15:44:28] Start Map [zm_gg] AimSens [8] AimMaxWarns [5] NoSpreadNotifyWarns [15] NoSpreadMaxWarns [40]
[2026.05.18] [16:08:59] End Map [zm_gg]
[2026.05.18] [19:08:48] Start Map [zm_laura] AimSens [8] AimMaxWarns [5] NoSpreadNotifyWarns [15] NoSpreadMaxWarns [40]
[2026.05.18] [19:08:52] End Map [zm_laura]
[2026.05.18] [19:12:48] Start Map [zm_laura] AimSens [8] AimMaxWarns [5] NoSpreadNotifyWarns [15] NoSpreadMaxWarns [40]
[2026.05.18] [19:12:51] End Map [zm_laura]
[2026.05.18] [19:15:57] Start Map [zm_laura] AimSens [8] AimMaxWarns [5] NoSpreadNotifyWarns [15] NoSpreadMaxWarns [40]
[2026.05.18] [19:16:00] End Map [zm_laura]
[2026.05.18] [19:16:01] Start Map [zm_zod_dust] AimSens [8] AimMaxWarns [5] NoSpreadNotifyWarns [15] NoSpreadMaxWarns [40]
[2026.05.18] [19:54:51] End Map [zm_zod_dust]
[2026.05.18] [19:54:53] Start Map [zm_aztek] AimSens [8] AimMaxWarns [5] NoSpreadNotifyWarns [15] NoSpreadMaxWarns [40]
[2026.05.18] [20:05:56] End Map [zm_aztek]
[2026.05.18] [20:05:57] Start Map [zm_aztek] AimSens [8] AimMaxWarns [5] NoSpreadNotifyWarns [15] NoSpreadMaxWarns [40]
[2026.05.18] [20:06:40] Start Map [zm_laura] AimSens [8] AimMaxWarns [5] NoSpreadNotifyWarns [15] NoSpreadMaxWarns [40]
[2026.05.18] [20:06:44] End Map [zm_laura]
[2026.05.18] [20:06:44] Start Map [zm_aztek] AimSens [8] AimMaxWarns [5] NoSpreadNotifyWarns [15] NoSpreadMaxWarns [40]
[2026.05.18] [20:46:35] Start Map [zm_laura] AimSens [8] AimMaxWarns [5] NoSpreadNotifyWarns [15] NoSpreadMaxWarns [40]
[2026.05.18] [20:46:39] End Map [zm_laura]
[2026.05.18] [20:46:39] Start Map [zm_aztek] AimSens [8] AimMaxWarns [5] NoSpreadNotifyWarns [15] NoSpreadMaxWarns [40]
[2026.05.18] [21:01:44] End Map [zm_aztek]
[2026.05.18] [21:01:45] Start Map [zm_aztek] AimSens [8] AimMaxWarns [5] NoSpreadNotifyWarns [15] NoSpreadMaxWarns [40]
[2026.05.18] [21:02:18] End Map [zm_aztek]
[2026.05.18] [21:02:19] Start Map [zm_aztek] AimSens [8] AimMaxWarns [5] NoSpreadNotifyWarns [15] NoSpreadMaxWarns [40]
[2026.05.18] [21:02:41] Start Map [zm_laura] AimSens [8] AimMaxWarns [5] NoSpreadNotifyWarns [15] NoSpreadMaxWarns [40]
[2026.05.18] [21:02:44] End Map [zm_laura]
[2026.05.18] [21:02:45] Start Map [zm_biohazard_base_mx] AimSens [8] AimMaxWarns [5] NoSpreadNotifyWarns [15] NoSpreadMaxWarns [40]
[2026.05.18] [21:21:42] Start Map [zm_laura] AimSens [8] AimMaxWarns [5] NoSpreadNotifyWarns [15] NoSpreadMaxWarns [40]
[2026.05.18] [21:21:46] End Map [zm_laura]
[2026.05.18] [21:21:46] Start Map [zm_biohazard_base_mx] AimSens [8] AimMaxWarns [5] NoSpreadNotifyWarns [15] NoSpreadMaxWarns [40]
[2026.05.18] [21:48:32] End Map [zm_biohazard_base_mx]
[2026.05.18] [21:48:33] Start Map [zm_aztek] AimSens [8] AimMaxWarns [5] NoSpreadNotifyWarns [15] NoSpreadMaxWarns [40]
