[2026.05.16] [00:35:43] Start Map [zm_laura] AimSens [8] AimMaxWarns [5] NoSpreadNotifyWarns [15] NoSpreadMaxWarns [40]
[2026.05.16] [00:38:14] Start Map [zm_laura] AimSens [8] AimMaxWarns [5] NoSpreadNotifyWarns [15] NoSpreadMaxWarns [40]
[2026.05.16] [00:39:41] Start Map [zm_laura] AimSens [8] AimMaxWarns [5] NoSpreadNotifyWarns [15] NoSpreadMaxWarns [40]
[2026.05.16] [00:41:43] Start Map [zm_laura] AimSens [8] AimMaxWarns [5] NoSpreadNotifyWarns [15] NoSpreadMaxWarns [40]
[2026.05.16] [00:42:02] Start Map [zm_laura] AimSens [8] AimMaxWarns [5] NoSpreadNotifyWarns [15] NoSpreadMaxWarns [40]
[2026.05.16] [01:09:36] Start Map [zm_laura] AimSens [8] AimMaxWarns [5] NoSpreadNotifyWarns [15] NoSpreadMaxWarns [40]
[2026.05.16] [01:12:32] Start Map [zm_laura] AimSens [8] AimMaxWarns [5] NoSpreadNotifyWarns [15] NoSpreadMaxWarns [40]
[2026.05.16] [01:16:56] Start Map [zm_laura] AimSens [8] AimMaxWarns [5] NoSpreadNotifyWarns [15] NoSpreadMaxWarns [40]
[2026.05.16] [01:18:49] Start Map [zm_laura] AimSens [8] AimMaxWarns [5] NoSpreadNotifyWarns [15] NoSpreadMaxWarns [40]
[2026.05.16] [01:23:41] Start Map [zm_laura] AimSens [8] AimMaxWarns [5] NoSpreadNotifyWarns [15] NoSpreadMaxWarns [40]
[2026.05.16] [01:26:41] Start Map [zm_laura] AimSens [8] AimMaxWarns [5] NoSpreadNotifyWarns [15] NoSpreadMaxWarns [40]
[2026.05.16] [01:29:50] Start Map [zm_laura] AimSens [8] AimMaxWarns [5] NoSpreadNotifyWarns [15] NoSpreadMaxWarns [40]
[2026.05.16] [12:52:46] Start Map [zm_laura] AimSens [8] AimMaxWarns [5] NoSpreadNotifyWarns [15] NoSpreadMaxWarns [40]
[2026.05.16] [13:12:57] End Map [zm_laura]
[2026.05.16] [13:12:59] Start Map [cs_assault] AimSens [8] AimMaxWarns [5] NoSpreadNotifyWarns [15] NoSpreadMaxWarns [40]
[2026.05.16] [13:33:09] End Map [cs_assault]
[2026.05.16] [13:33:09] Start Map [cs_italy] AimSens [8] AimMaxWarns [5] NoSpreadNotifyWarns [15] NoSpreadMaxWarns [40]
[2026.05.16] [13:47:53] Start Map [zm_laura] AimSens [8] AimMaxWarns [5] NoSpreadNotifyWarns [15] NoSpreadMaxWarns [40]
[2026.05.16] [13:50:01] Start Map [zm_laura] AimSens [8] AimMaxWarns [5] NoSpreadNotifyWarns [15] NoSpreadMaxWarns [40]
[2026.05.16] [13:52:33] Start Map [zm_laura] AimSens [8] AimMaxWarns [5] NoSpreadNotifyWarns [15] NoSpreadMaxWarns [40]
[2026.05.16] [13:58:06] End Map [zm_laura]
[2026.05.16] [13:58:06] Start Map [zm_laura] AimSens [8] AimMaxWarns [5] NoSpreadNotifyWarns [15] NoSpreadMaxWarns [40]
[2026.05.16] [14:01:01] Start Map [zm_laura] AimSens [8] AimMaxWarns [5] NoSpreadNotifyWarns [15] NoSpreadMaxWarns [40]
[2026.05.16] [14:03:33] Start Map [zm_laura] AimSens [8] AimMaxWarns [5] NoSpreadNotifyWarns [15] NoSpreadMaxWarns [40]
[2026.05.16] [14:08:32] Start Map [zm_laura] AimSens [8] AimMaxWarns [5] NoSpreadNotifyWarns [15] NoSpreadMaxWarns [40]
[2026.05.16] [14:13:51] Start Map [zm_laura] AimSens [8] AimMaxWarns [5] NoSpreadNotifyWarns [15] NoSpreadMaxWarns [40]
[2026.05.16] [14:31:10] End Map [zm_laura]
[2026.05.16] [14:31:10] Start Map [zm_laura] AimSens [8] AimMaxWarns [5] NoSpreadNotifyWarns [15] NoSpreadMaxWarns [40]
[2026.05.16] [14:31:31] End Map [zm_laura]
[2026.05.16] [14:31:31] Start Map [zm_gg] AimSens [8] AimMaxWarns [5] NoSpreadNotifyWarns [15] NoSpreadMaxWarns [40]
[2026.05.16] [14:31:43] Start Map [zm_laura] AimSens [8] AimMaxWarns [5] NoSpreadNotifyWarns [15] NoSpreadMaxWarns [40]
[2026.05.16] [14:31:50] End Map [zm_laura]
[2026.05.16] [14:31:51] Start Map [zm_gg] AimSens [8] AimMaxWarns [5] NoSpreadNotifyWarns [15] NoSpreadMaxWarns [40]
[2026.05.16] [14:32:22] Start Map [zm_laura] AimSens [8] AimMaxWarns [5] NoSpreadNotifyWarns [15] NoSpreadMaxWarns [40]
[2026.05.16] [14:32:27] End Map [zm_laura]
[2026.05.16] [14:32:27] Start Map [zm_gg] AimSens [8] AimMaxWarns [5] NoSpreadNotifyWarns [15] NoSpreadMaxWarns [40]
[2026.05.16] [14:33:24] End Map [zm_gg]
[2026.05.16] [14:33:25] Start Map [zm_cpl_egyptian] AimSens [8] AimMaxWarns [5] NoSpreadNotifyWarns [15] NoSpreadMaxWarns [40]
[2026.05.16] [14:33:44] Start Map [zm_laura] AimSens [8] AimMaxWarns [5] NoSpreadNotifyWarns [15] NoSpreadMaxWarns [40]
[2026.05.16] [14:33:52] End Map [zm_laura]
[2026.05.16] [14:33:52] Start Map [zm_cpl_egyptian] AimSens [8] AimMaxWarns [5] NoSpreadNotifyWarns [15] NoSpreadMaxWarns [40]
[2026.05.16] [14:54:02] End Map [zm_cpl_egyptian]
[2026.05.16] [14:54:02] Start Map [cs_italy] AimSens [8] AimMaxWarns [5] NoSpreadNotifyWarns [15] NoSpreadMaxWarns [40]
[2026.05.16] [15:19:08] Start Map [zm_laura] AimSens [8] AimMaxWarns [5] NoSpreadNotifyWarns [15] NoSpreadMaxWarns [40]
[2026.05.16] [15:29:29] Start Map [zm_laura] AimSens [8] AimMaxWarns [5] NoSpreadNotifyWarns [15] NoSpreadMaxWarns [40]
[2026.05.16] [15:49:40] End Map [zm_laura]
[2026.05.16] [15:49:40] Start Map [cs_assault] AimSens [8] AimMaxWarns [5] NoSpreadNotifyWarns [15] NoSpreadMaxWarns [40]
[2026.05.16] [16:04:03] End Map [cs_assault]
[2026.05.16] [16:04:03] Start Map [cs_assault] AimSens [8] AimMaxWarns [5] NoSpreadNotifyWarns [15] NoSpreadMaxWarns [40]
[2026.05.16] [16:04:33] End Map [cs_assault]
[2026.05.16] [16:04:34] Start Map [zm_panichouse_final] AimSens [8] AimMaxWarns [5] NoSpreadNotifyWarns [15] NoSpreadMaxWarns [40]
[2026.05.16] [16:24:44] End Map [zm_panichouse_final]
[2026.05.16] [16:24:44] Start Map [de_dust] AimSens [8] AimMaxWarns [5] NoSpreadNotifyWarns [15] NoSpreadMaxWarns [40]
[2026.05.16] [16:38:23] Start Map [zm_laura] AimSens [8] AimMaxWarns [5] NoSpreadNotifyWarns [15] NoSpreadMaxWarns [40]
[2026.05.16] [16:54:36] Start Map [zm_laura] AimSens [8] AimMaxWarns [5] NoSpreadNotifyWarns [15] NoSpreadMaxWarns [40]
[2026.05.16] [17:01:01] End Map [zm_laura]
[2026.05.16] [17:01:02] Start Map [zm_zod_dust] AimSens [8] AimMaxWarns [5] NoSpreadNotifyWarns [15] NoSpreadMaxWarns [40]
[2026.05.16] [17:13:25] Start Map [zm_laura] AimSens [8] AimMaxWarns [5] NoSpreadNotifyWarns [15] NoSpreadMaxWarns [40]
[2026.05.16] [17:26:12] Start Map [zm_laura] AimSens [8] AimMaxWarns [5] NoSpreadNotifyWarns [15] NoSpreadMaxWarns [40]
[2026.05.16] [17:28:09] Start Map [zm_laura] AimSens [8] AimMaxWarns [5] NoSpreadNotifyWarns [15] NoSpreadMaxWarns [40]
[2026.05.16] [17:29:42] End Map [zm_laura]
[2026.05.16] [17:29:42] Start Map [zm_biohazard_base_mx] AimSens [8] AimMaxWarns [5] NoSpreadNotifyWarns [15] NoSpreadMaxWarns [40]
[2026.05.16] [17:35:33] End Map [zm_biohazard_base_mx]
[2026.05.16] [17:35:33] Start Map [zm_assault_remake] AimSens [8] AimMaxWarns [5] NoSpreadNotifyWarns [15] NoSpreadMaxWarns [40]
[2026.05.16] [17:39:15] End Map [zm_assault_remake]
[2026.05.16] [17:39:15] Start Map [zm_assault_remake] AimSens [8] AimMaxWarns [5] NoSpreadNotifyWarns [15] NoSpreadMaxWarns [40]
[2026.05.16] [17:41:52] End Map [zm_assault_remake]
[2026.05.16] [17:41:52] Start Map [zm_assault_remake] AimSens [8] AimMaxWarns [5] NoSpreadNotifyWarns [15] NoSpreadMaxWarns [40]
[2026.05.16] [17:42:43] End Map [zm_assault_remake]
[2026.05.16] [17:42:44] Start Map [zm_assault_remake] AimSens [8] AimMaxWarns [5] NoSpreadNotifyWarns [15] NoSpreadMaxWarns [40]
[2026.05.16] [18:09:10] End Map [zm_assault_remake]
[2026.05.16] [18:09:11] Start Map [zm_five] AimSens [8] AimMaxWarns [5] NoSpreadNotifyWarns [15] NoSpreadMaxWarns [40]
[2026.05.16] [18:16:52] End Map [zm_five]
[2026.05.16] [18:16:52] Start Map [zm_five] AimSens [8] AimMaxWarns [5] NoSpreadNotifyWarns [15] NoSpreadMaxWarns [40]
[2026.05.16] [18:21:21] End Map [zm_five]
[2026.05.16] [18:21:22] Start Map [zm_five] AimSens [8] AimMaxWarns [5] NoSpreadNotifyWarns [15] NoSpreadMaxWarns [40]
[2026.05.16] [18:29:25] Start Map [zm_laura] AimSens [8] AimMaxWarns [5] NoSpreadNotifyWarns [15] NoSpreadMaxWarns [40]
[2026.05.16] [18:29:29] End Map [zm_laura]
[2026.05.16] [18:29:29] Start Map [zm_five] AimSens [8] AimMaxWarns [5] NoSpreadNotifyWarns [15] NoSpreadMaxWarns [40]
[2026.05.16] [18:52:36] End Map [zm_five]
[2026.05.16] [18:52:37] Start Map [zm_3rooms] AimSens [8] AimMaxWarns [5] NoSpreadNotifyWarns [15] NoSpreadMaxWarns [40]
[2026.05.16] [19:14:56] End Map [zm_3rooms]
[2026.05.16] [19:14:57] Start Map [zm_cpl_egyptian] AimSens [8] AimMaxWarns [5] NoSpreadNotifyWarns [15] NoSpreadMaxWarns [40]
[2026.05.16] [19:25:43] End Map [zm_cpl_egyptian]
[2026.05.16] [19:25:43] Start Map [zm_cpl_egyptian] AimSens [8] AimMaxWarns [5] NoSpreadNotifyWarns [15] NoSpreadMaxWarns [40]
[2026.05.16] [19:33:15] Start Map [zm_laura] AimSens [8] AimMaxWarns [5] NoSpreadNotifyWarns [15] NoSpreadMaxWarns [40]
[2026.05.16] [19:33:19] End Map [zm_laura]
[2026.05.16] [19:33:20] Start Map [zm_cpl_egyptian] AimSens [8] AimMaxWarns [5] NoSpreadNotifyWarns [15] NoSpreadMaxWarns [40]
[2026.05.16] [19:44:43] End Map [zm_cpl_egyptian]
[2026.05.16] [19:44:44] Start Map [zm_deko2] AimSens [8] AimMaxWarns [5] NoSpreadNotifyWarns [15] NoSpreadMaxWarns [40]
[2026.05.16] [20:07:23] End Map [zm_deko2]
[2026.05.16] [20:07:23] Start Map [zm_five] AimSens [8] AimMaxWarns [5] NoSpreadNotifyWarns [15] NoSpreadMaxWarns [40]
[2026.05.16] [20:10:12] End Map [zm_five]
[2026.05.16] [20:10:13] Start Map [zm_five] AimSens [8] AimMaxWarns [5] NoSpreadNotifyWarns [15] NoSpreadMaxWarns [40]
[2026.05.16] [20:18:41] End Map [zm_five]
[2026.05.16] [20:18:42] Start Map [zm_five] AimSens [8] AimMaxWarns [5] NoSpreadNotifyWarns [15] NoSpreadMaxWarns [40]
[2026.05.16] [20:43:36] End Map [zm_five]
[2026.05.16] [20:43:37] Start Map [zm_orling_base] AimSens [8] AimMaxWarns [5] NoSpreadNotifyWarns [15] NoSpreadMaxWarns [40]
[2026.05.16] [20:44:18] End Map [zm_orling_base]
[2026.05.16] [20:44:19] Start Map [zm_orling_base] AimSens [8] AimMaxWarns [5] NoSpreadNotifyWarns [15] NoSpreadMaxWarns [40]
[2026.05.16] [20:49:49] End Map [zm_orling_base]
[2026.05.16] [20:49:49] Start Map [zm_orling_base] AimSens [8] AimMaxWarns [5] NoSpreadNotifyWarns [15] NoSpreadMaxWarns [40]
[2026.05.16] [20:57:39] End Map [zm_orling_base]
[2026.05.16] [20:57:39] Start Map [zm_orling_base] AimSens [8] AimMaxWarns [5] NoSpreadNotifyWarns [15] NoSpreadMaxWarns [40]
[2026.05.16] [21:00:12] End Map [zm_orling_base]
[2026.05.16] [21:00:13] Start Map [zm_orling_base] AimSens [8] AimMaxWarns [5] NoSpreadNotifyWarns [15] NoSpreadMaxWarns [40]
[2026.05.16] [21:02:47] Start Map [zm_laura] AimSens [8] AimMaxWarns [5] NoSpreadNotifyWarns [15] NoSpreadMaxWarns [40]
[2026.05.16] [21:02:52] End Map [zm_laura]
[2026.05.16] [21:02:52] Start Map [zm_orling_base] AimSens [8] AimMaxWarns [5] NoSpreadNotifyWarns [15] NoSpreadMaxWarns [40]
[2026.05.16] [21:03:36] Start Map [zm_laura] AimSens [8] AimMaxWarns [5] NoSpreadNotifyWarns [15] NoSpreadMaxWarns [40]
[2026.05.16] [21:03:41] End Map [zm_laura]
[2026.05.16] [21:03:41] Start Map [zm_orling_base] AimSens [8] AimMaxWarns [5] NoSpreadNotifyWarns [15] NoSpreadMaxWarns [40]
[2026.05.16] [21:05:54] End Map [zm_orling_base]
[2026.05.16] [21:05:54] Start Map [zm_orling_base] AimSens [8] AimMaxWarns [5] NoSpreadNotifyWarns [15] NoSpreadMaxWarns [40]
[2026.05.16] [21:07:53] End Map [zm_orling_base]
[2026.05.16] [21:07:53] Start Map [zm_orling_base] AimSens [8] AimMaxWarns [5] NoSpreadNotifyWarns [15] NoSpreadMaxWarns [40]
[2026.05.16] [21:17:54] End Map [zm_orling_base]
[2026.05.16] [21:17:55] Start Map [zm_foda] AimSens [8] AimMaxWarns [5] NoSpreadNotifyWarns [15] NoSpreadMaxWarns [40]
[2026.05.16] [21:20:21] End Map [zm_foda]
[2026.05.16] [21:20:22] Start Map [zm_foda] AimSens [8] AimMaxWarns [5] NoSpreadNotifyWarns [15] NoSpreadMaxWarns [40]
[2026.05.16] [21:24:29] End Map [zm_foda]
[2026.05.16] [21:24:29] Start Map [zm_foda] AimSens [8] AimMaxWarns [5] NoSpreadNotifyWarns [15] NoSpreadMaxWarns [40]
[2026.05.16] [23:29:56] Start Map [zm_laura] AimSens [8] AimMaxWarns [5] NoSpreadNotifyWarns [15] NoSpreadMaxWarns [40]
[2026.05.16] [23:30:00] End Map [zm_laura]
[2026.05.16] [23:30:01] Start Map [zm_foda] AimSens [8] AimMaxWarns [5] NoSpreadNotifyWarns [15] NoSpreadMaxWarns [40]
[2026.05.16] [23:32:30] Start Map [zm_laura] AimSens [8] AimMaxWarns [5] NoSpreadNotifyWarns [15] NoSpreadMaxWarns [40]
[2026.05.16] [23:32:34] End Map [zm_laura]
[2026.05.16] [23:32:35] Start Map [zm_foda] AimSens [8] AimMaxWarns [5] NoSpreadNotifyWarns [15] NoSpreadMaxWarns [40]
[2026.05.16] [23:54:03] Start Map [zm_laura] AimSens [8] AimMaxWarns [5] NoSpreadNotifyWarns [15] NoSpreadMaxWarns [40]
[2026.05.16] [23:54:07] End Map [zm_laura]
[2026.05.16] [23:54:08] Start Map [zm_gg] AimSens [8] AimMaxWarns [5] NoSpreadNotifyWarns [15] NoSpreadMaxWarns [40]
[2026.05.16] [23:55:45] End Map [zm_gg]
[2026.05.16] [23:55:45] Start Map [zm_gg] AimSens [8] AimMaxWarns [5] NoSpreadNotifyWarns [15] NoSpreadMaxWarns [40]
