[2026.05.21] [00:13:24] Start Map [zm_laura] AimSens [8] AimMaxWarns [5] NoSpreadNotifyWarns [15] NoSpreadMaxWarns [40]
[2026.05.21] [00:13:27] End Map [zm_laura]
[2026.05.21] [00:15:46] Start Map [zm_laura] AimSens [8] AimMaxWarns [5] NoSpreadNotifyWarns [15] NoSpreadMaxWarns [40]
[2026.05.21] [00:15:49] End Map [zm_laura]
[2026.05.21] [00:15:50] Start Map [zm_toronto_remix_v2] AimSens [8] AimMaxWarns [5] NoSpreadNotifyWarns [15] NoSpreadMaxWarns [40]
[2026.05.21] [00:18:54] End Map [zm_toronto_remix_v2]
[2026.05.21] [00:18:55] Start Map [zm_toronto_remix_v2] AimSens [8] AimMaxWarns [5] NoSpreadNotifyWarns [15] NoSpreadMaxWarns [40]
[2026.05.21] [00:23:33] End Map [zm_toronto_remix_v2]
[2026.05.21] [00:23:33] Start Map [zm_toronto_remix_v2] AimSens [8] AimMaxWarns [5] NoSpreadNotifyWarns [15] NoSpreadMaxWarns [40]
[2026.05.21] [00:25:38] Start Map [zm_laura] AimSens [8] AimMaxWarns [5] NoSpreadNotifyWarns [15] NoSpreadMaxWarns [40]
[2026.05.21] [00:25:42] End Map [zm_laura]
[2026.05.21] [00:25:42] Start Map [zm_zod_dust] AimSens [8] AimMaxWarns [5] NoSpreadNotifyWarns [15] NoSpreadMaxWarns [40]
[2026.05.21] [00:26:12] End Map [zm_zod_dust]
[2026.05.21] [00:26:13] Start Map [zm_zod_dust] AimSens [8] AimMaxWarns [5] NoSpreadNotifyWarns [15] NoSpreadMaxWarns [40]
[2026.05.21] [00:27:45] End Map [zm_zod_dust]
[2026.05.21] [00:27:46] Start Map [zm_zod_dust] AimSens [8] AimMaxWarns [5] NoSpreadNotifyWarns [15] NoSpreadMaxWarns [40]
[2026.05.21] [00:34:52] End Map [zm_zod_dust]
[2026.05.21] [00:34:52] Start Map [zm_zod_dust] AimSens [8] AimMaxWarns [5] NoSpreadNotifyWarns [15] NoSpreadMaxWarns [40]
[2026.05.21] [00:37:50] End Map [zm_zod_dust]
[2026.05.21] [00:37:50] Start Map [zm_zod_dust] AimSens [8] AimMaxWarns [5] NoSpreadNotifyWarns [15] NoSpreadMaxWarns [40]
[2026.05.21] [00:40:29] End Map [zm_zod_dust]
[2026.05.21] [00:40:30] Start Map [zm_zod_dust] AimSens [8] AimMaxWarns [5] NoSpreadNotifyWarns [15] NoSpreadMaxWarns [40]
[2026.05.21] [00:45:29] Start Map [zm_laura] AimSens [8] AimMaxWarns [5] NoSpreadNotifyWarns [15] NoSpreadMaxWarns [40]
[2026.05.21] [00:45:33] End Map [zm_laura]
[2026.05.21] [00:45:33] Start Map [zm_zod_dust] AimSens [8] AimMaxWarns [5] NoSpreadNotifyWarns [15] NoSpreadMaxWarns [40]
