L 05/16/2026 - 01:09:34: Start of error session.
L 05/16/2026 - 01:09:34: Info (map "zm_laura") (file "addons/amxmodx/logs/error_20260516.log")
L 05/16/2026 - 01:09:34: [AMXX] Plugin file open error (plugin "ZP50_custom_hub.amxx")
L 05/16/2026 - 19:14:56: Start of error session.
L 05/16/2026 - 19:14:56: Info (map "zm_cpl_egyptian") (file "addons/amxmodx/logs/error_20260516.log")
L 05/16/2026 - 19:14:56: [AMXX] Plugin file open error (plugin "ZP_CUSTOM_SI.amxx")
L 05/16/2026 - 19:25:43: Start of error session.
L 05/16/2026 - 19:25:43: Info (map "zm_cpl_egyptian") (file "addons/amxmodx/logs/error_20260516.log")
L 05/16/2026 - 19:25:43: [AMXX] Plugin file open error (plugin "ZP_CUSTOM_SI.amxx")
L 05/16/2026 - 19:33:15: Start of error session.
L 05/16/2026 - 19:33:15: Info (map "zm_laura") (file "addons/amxmodx/logs/error_20260516.log")
L 05/16/2026 - 19:33:15: [AMXX] Plugin file open error (plugin "ZP_CUSTOM_SI.amxx")
L 05/16/2026 - 19:33:19: Start of error session.
L 05/16/2026 - 19:33:19: Info (map "zm_cpl_egyptian") (file "addons/amxmodx/logs/error_20260516.log")
L 05/16/2026 - 19:33:19: [AMXX] Plugin file open error (plugin "ZP_CUSTOM_SI.amxx")
L 05/16/2026 - 19:44:43: Start of error session.
L 05/16/2026 - 19:44:43: Info (map "zm_deko2") (file "addons/amxmodx/logs/error_20260516.log")
L 05/16/2026 - 19:44:43: [AMXX] Plugin file open error (plugin "ZP_CUSTOM_SI.amxx")
L 05/16/2026 - 20:07:23: Start of error session.
L 05/16/2026 - 20:07:23: Info (map "zm_five") (file "addons/amxmodx/logs/error_20260516.log")
L 05/16/2026 - 20:07:23: [AMXX] Plugin file open error (plugin "ZP_CUSTOM_SI.amxx")
L 05/16/2026 - 20:10:13: Start of error session.
L 05/16/2026 - 20:10:13: Info (map "zm_five") (file "addons/amxmodx/logs/error_20260516.log")
L 05/16/2026 - 20:10:13: [AMXX] Plugin file open error (plugin "ZP_CUSTOM_SI.amxx")
L 05/16/2026 - 20:18:41: Start of error session.
L 05/16/2026 - 20:18:41: Info (map "zm_five") (file "addons/amxmodx/logs/error_20260516.log")
L 05/16/2026 - 20:18:41: [AMXX] Plugin file open error (plugin "ZP_CUSTOM_SI.amxx")
L 05/16/2026 - 20:43:36: Start of error session.
L 05/16/2026 - 20:43:36: Info (map "zm_orling_base") (file "addons/amxmodx/logs/error_20260516.log")
L 05/16/2026 - 20:43:36: [AMXX] Plugin file open error (plugin "ZP_CUSTOM_SI.amxx")
L 05/16/2026 - 20:44:18: Start of error session.
L 05/16/2026 - 20:44:18: Info (map "zm_orling_base") (file "addons/amxmodx/logs/error_20260516.log")
L 05/16/2026 - 20:44:18: [AMXX] Plugin file open error (plugin "ZP_CUSTOM_SI.amxx")
L 05/16/2026 - 20:49:49: Start of error session.
L 05/16/2026 - 20:49:49: Info (map "zm_orling_base") (file "addons/amxmodx/logs/error_20260516.log")
L 05/16/2026 - 20:49:49: [AMXX] Plugin file open error (plugin "ZP_CUSTOM_SI.amxx")
L 05/16/2026 - 20:57:39: Start of error session.
L 05/16/2026 - 20:57:39: Info (map "zm_orling_base") (file "addons/amxmodx/logs/error_20260516.log")
L 05/16/2026 - 20:57:39: [AMXX] Plugin file open error (plugin "ZP_CUSTOM_SI.amxx")
L 05/16/2026 - 21:00:12: Start of error session.
L 05/16/2026 - 21:00:12: Info (map "zm_orling_base") (file "addons/amxmodx/logs/error_20260516.log")
L 05/16/2026 - 21:00:12: [AMXX] Plugin file open error (plugin "ZP_CUSTOM_SI.amxx")
L 05/16/2026 - 21:02:47: Start of error session.
L 05/16/2026 - 21:02:47: Info (map "zm_laura") (file "addons/amxmodx/logs/error_20260516.log")
L 05/16/2026 - 21:02:47: [AMXX] Plugin file open error (plugin "ZP_CUSTOM_SI.amxx")
L 05/16/2026 - 21:02:52: Start of error session.
L 05/16/2026 - 21:02:52: Info (map "zm_orling_base") (file "addons/amxmodx/logs/error_20260516.log")
L 05/16/2026 - 21:02:52: [AMXX] Plugin file open error (plugin "ZP_CUSTOM_SI.amxx")
L 05/16/2026 - 21:03:36: Start of error session.
L 05/16/2026 - 21:03:36: Info (map "zm_laura") (file "addons/amxmodx/logs/error_20260516.log")
L 05/16/2026 - 21:03:36: [AMXX] Plugin file open error (plugin "ZP_CUSTOM_SI.amxx")
L 05/16/2026 - 21:03:41: Start of error session.
L 05/16/2026 - 21:03:41: Info (map "zm_orling_base") (file "addons/amxmodx/logs/error_20260516.log")
L 05/16/2026 - 21:03:41: [AMXX] Plugin file open error (plugin "ZP_CUSTOM_SI.amxx")
L 05/16/2026 - 21:05:54: Start of error session.
L 05/16/2026 - 21:05:54: Info (map "zm_orling_base") (file "addons/amxmodx/logs/error_20260516.log")
L 05/16/2026 - 21:05:54: [AMXX] Plugin file open error (plugin "ZP_CUSTOM_SI.amxx")
L 05/16/2026 - 21:07:53: Start of error session.
L 05/16/2026 - 21:07:53: Info (map "zm_orling_base") (file "addons/amxmodx/logs/error_20260516.log")
L 05/16/2026 - 21:07:53: [AMXX] Plugin file open error (plugin "ZP_CUSTOM_SI.amxx")
L 05/16/2026 - 21:17:55: Start of error session.
L 05/16/2026 - 21:17:55: Info (map "zm_foda") (file "addons/amxmodx/logs/error_20260516.log")
L 05/16/2026 - 21:17:55: [AMXX] Plugin file open error (plugin "ZP_CUSTOM_SI.amxx")
L 05/16/2026 - 21:20:21: Start of error session.
L 05/16/2026 - 21:20:21: Info (map "zm_foda") (file "addons/amxmodx/logs/error_20260516.log")
L 05/16/2026 - 21:20:21: [AMXX] Plugin file open error (plugin "ZP_CUSTOM_SI.amxx")
L 05/16/2026 - 21:24:29: Start of error session.
L 05/16/2026 - 21:24:29: Info (map "zm_foda") (file "addons/amxmodx/logs/error_20260516.log")
L 05/16/2026 - 21:24:29: [AMXX] Plugin file open error (plugin "ZP_CUSTOM_SI.amxx")
L 05/16/2026 - 23:29:55: Start of error session.
L 05/16/2026 - 23:29:55: Info (map "zm_laura") (file "addons/amxmodx/logs/error_20260516.log")
L 05/16/2026 - 23:29:55: [AMXX] Plugin file open error (plugin "ZP_CUSTOM_SI.amxx")
L 05/16/2026 - 23:30:00: Start of error session.
L 05/16/2026 - 23:30:00: Info (map "zm_foda") (file "addons/amxmodx/logs/error_20260516.log")
L 05/16/2026 - 23:30:00: [AMXX] Plugin file open error (plugin "ZP_CUSTOM_SI.amxx")
L 05/16/2026 - 23:32:29: Start of error session.
L 05/16/2026 - 23:32:29: Info (map "zm_laura") (file "addons/amxmodx/logs/error_20260516.log")
L 05/16/2026 - 23:32:29: [AMXX] Plugin file open error (plugin "ZP_CUSTOM_SI.amxx")
L 05/16/2026 - 23:32:34: Start of error session.
L 05/16/2026 - 23:32:34: Info (map "zm_foda") (file "addons/amxmodx/logs/error_20260516.log")
L 05/16/2026 - 23:32:34: [AMXX] Plugin file open error (plugin "ZP_CUSTOM_SI.amxx")
L 05/16/2026 - 23:54:03: Start of error session.
L 05/16/2026 - 23:54:03: Info (map "zm_laura") (file "addons/amxmodx/logs/error_20260516.log")
L 05/16/2026 - 23:54:03: [AMXX] Plugin file open error (plugin "ZP_CUSTOM_SI.amxx")
L 05/16/2026 - 23:54:08: Start of error session.
L 05/16/2026 - 23:54:08: Info (map "zm_gg") (file "addons/amxmodx/logs/error_20260516.log")
L 05/16/2026 - 23:54:08: [AMXX] Plugin file open error (plugin "ZP_CUSTOM_SI.amxx")
L 05/16/2026 - 23:55:45: Start of error session.
L 05/16/2026 - 23:55:45: Info (map "zm_gg") (file "addons/amxmodx/logs/error_20260516.log")
L 05/16/2026 - 23:55:45: [AMXX] Plugin file open error (plugin "ZP_CUSTOM_SI.amxx")
