L 05/17/2026 - 00:08:14: Start of error session.
L 05/17/2026 - 00:08:14: Info (map "zm_gg") (file "addons/amxmodx/logs/error_20260517.log")
L 05/17/2026 - 00:08:14: [AMXX] Plugin file open error (plugin "ZP_CUSTOM_SI.amxx")
L 05/17/2026 - 00:33:35: Start of error session.
L 05/17/2026 - 00:33:35: Info (map "zm_laura") (file "addons/amxmodx/logs/error_20260517.log")
L 05/17/2026 - 00:33:35: [AMXX] Plugin file open error (plugin "ZP_CUSTOM_SI.amxx")
L 05/17/2026 - 00:33:39: Start of error session.
L 05/17/2026 - 00:33:39: Info (map "zm_gg") (file "addons/amxmodx/logs/error_20260517.log")
L 05/17/2026 - 00:33:39: [AMXX] Plugin file open error (plugin "ZP_CUSTOM_SI.amxx")
L 05/17/2026 - 00:46:10: Start of error session.
L 05/17/2026 - 00:46:10: Info (map "zm_laura") (file "addons/amxmodx/logs/error_20260517.log")
L 05/17/2026 - 00:46:10: [AMXX] Plugin file open error (plugin "ZP_CUSTOM_SI.amxx")
L 05/17/2026 - 00:46:13: Start of error session.
L 05/17/2026 - 00:46:13: Info (map "zm_gg") (file "addons/amxmodx/logs/error_20260517.log")
L 05/17/2026 - 00:46:13: [AMXX] Plugin file open error (plugin "ZP_CUSTOM_SI.amxx")
L 05/17/2026 - 00:57:19: Start of error session.
L 05/17/2026 - 00:57:19: Info (map "zm_laura") (file "addons/amxmodx/logs/error_20260517.log")
L 05/17/2026 - 00:57:19: [AMXX] Plugin file open error (plugin "ZP_CUSTOM_SI.amxx")
L 05/17/2026 - 00:57:22: Start of error session.
L 05/17/2026 - 00:57:22: Info (map "zm_assault_remake") (file "addons/amxmodx/logs/error_20260517.log")
L 05/17/2026 - 00:57:22: [AMXX] Plugin file open error (plugin "ZP_CUSTOM_SI.amxx")
L 05/17/2026 - 01:04:03: Start of error session.
L 05/17/2026 - 01:04:03: Info (map "zm_laura") (file "addons/amxmodx/logs/error_20260517.log")
L 05/17/2026 - 01:04:03: [AMXX] Plugin file open error (plugin "ZP_CUSTOM_SI.amxx")
L 05/17/2026 - 01:04:07: Start of error session.
L 05/17/2026 - 01:04:07: Info (map "zm_assault_remake") (file "addons/amxmodx/logs/error_20260517.log")
L 05/17/2026 - 01:04:07: [AMXX] Plugin file open error (plugin "ZP_CUSTOM_SI.amxx")
L 05/17/2026 - 01:13:41: Start of error session.
L 05/17/2026 - 01:13:41: Info (map "zm_cpl_egyptian") (file "addons/amxmodx/logs/error_20260517.log")
L 05/17/2026 - 01:13:41: [AMXX] Plugin file open error (plugin "ZP_CUSTOM_SI.amxx")
L 05/17/2026 - 01:21:34: Start of error session.
L 05/17/2026 - 01:21:34: Info (map "zm_laura") (file "addons/amxmodx/logs/error_20260517.log")
L 05/17/2026 - 01:21:34: [AMXX] Plugin file open error (plugin "ZP_CUSTOM_SI.amxx")
L 05/17/2026 - 01:21:38: Start of error session.
L 05/17/2026 - 01:21:38: Info (map "zm_cpl_egyptian") (file "addons/amxmodx/logs/error_20260517.log")
L 05/17/2026 - 01:21:38: [AMXX] Plugin file open error (plugin "ZP_CUSTOM_SI.amxx")
L 05/17/2026 - 01:32:00: Start of error session.
L 05/17/2026 - 01:32:00: Info (map "zm_cpl_egyptian") (file "addons/amxmodx/logs/error_20260517.log")
L 05/17/2026 - 01:32:00: [AMXX] Plugin file open error (plugin "ZP_CUSTOM_SI.amxx")
L 05/17/2026 - 11:03:30: Start of error session.
L 05/17/2026 - 11:03:30: Info (map "zm_laura") (file "addons/amxmodx/logs/error_20260517.log")
L 05/17/2026 - 11:03:30: [AMXX] Plugin file open error (plugin "ZP_CUSTOM_SI.amxx")
L 05/17/2026 - 11:03:36: Start of error session.
L 05/17/2026 - 11:03:36: Info (map "zm_cpl_egyptian") (file "addons/amxmodx/logs/error_20260517.log")
L 05/17/2026 - 11:03:36: [AMXX] Plugin file open error (plugin "ZP_CUSTOM_SI.amxx")
L 05/17/2026 - 11:28:23: Start of error session.
L 05/17/2026 - 11:28:23: Info (map "zm_gbox7") (file "addons/amxmodx/logs/error_20260517.log")
L 05/17/2026 - 11:28:23: [AMXX] Plugin file open error (plugin "ZP_CUSTOM_SI.amxx")
L 05/17/2026 - 11:53:25: Start of error session.
L 05/17/2026 - 11:53:25: Info (map "zm_iceworld_humans") (file "addons/amxmodx/logs/error_20260517.log")
L 05/17/2026 - 11:53:25: [AMXX] Plugin file open error (plugin "ZP_CUSTOM_SI.amxx")
L 05/17/2026 - 12:07:37: Start of error session.
L 05/17/2026 - 12:07:37: Info (map "zm_iceworld_humans") (file "addons/amxmodx/logs/error_20260517.log")
L 05/17/2026 - 12:07:37: [AMXX] Plugin file open error (plugin "ZP_CUSTOM_SI.amxx")
L 05/17/2026 - 12:11:28: Start of error session.
L 05/17/2026 - 12:11:28: Info (map "zm_iceworld_humans") (file "addons/amxmodx/logs/error_20260517.log")
L 05/17/2026 - 12:11:28: [AMXX] Plugin file open error (plugin "ZP_CUSTOM_SI.amxx")
L 05/17/2026 - 12:12:01: Start of error session.
L 05/17/2026 - 12:12:01: Info (map "zm_iceworld_humans") (file "addons/amxmodx/logs/error_20260517.log")
L 05/17/2026 - 12:12:01: [AMXX] Plugin file open error (plugin "ZP_CUSTOM_SI.amxx")
L 05/17/2026 - 12:36:41: Start of error session.
L 05/17/2026 - 12:36:41: Info (map "zm_biohazard_base_mx") (file "addons/amxmodx/logs/error_20260517.log")
L 05/17/2026 - 12:36:41: [AMXX] Plugin file open error (plugin "ZP_CUSTOM_SI.amxx")
L 05/17/2026 - 12:46:32: Start of error session.
L 05/17/2026 - 12:46:32: Info (map "zm_biohazard_base_mx") (file "addons/amxmodx/logs/error_20260517.log")
L 05/17/2026 - 12:46:32: [AMXX] Plugin file open error (plugin "ZP_CUSTOM_SI.amxx")
L 05/17/2026 - 13:09:11: Start of error session.
L 05/17/2026 - 13:09:11: Info (map "zm_gbox7") (file "addons/amxmodx/logs/error_20260517.log")
L 05/17/2026 - 13:09:11: [AMXX] Plugin file open error (plugin "ZP_CUSTOM_SI.amxx")
L 05/17/2026 - 13:10:06: Start of error session.
L 05/17/2026 - 13:10:06: Info (map "zm_laura") (file "addons/amxmodx/logs/error_20260517.log")
L 05/17/2026 - 13:10:06: [AMXX] Plugin file open error (plugin "ZP_CUSTOM_SI.amxx")
L 05/17/2026 - 13:10:10: Start of error session.
L 05/17/2026 - 13:10:10: Info (map "zm_gbox7") (file "addons/amxmodx/logs/error_20260517.log")
L 05/17/2026 - 13:10:10: [AMXX] Plugin file open error (plugin "ZP_CUSTOM_SI.amxx")
L 05/17/2026 - 13:12:32: Start of error session.
L 05/17/2026 - 13:12:32: Info (map "zm_gbox7") (file "addons/amxmodx/logs/error_20260517.log")
L 05/17/2026 - 13:12:32: [AMXX] Plugin file open error (plugin "ZP_CUSTOM_SI.amxx")
L 05/17/2026 - 13:36:05: Start of error session.
L 05/17/2026 - 13:36:05: Info (map "zm_gg") (file "addons/amxmodx/logs/error_20260517.log")
L 05/17/2026 - 13:36:05: [AMXX] Plugin file open error (plugin "ZP_CUSTOM_SI.amxx")
L 05/17/2026 - 13:58:46: Start of error session.
L 05/17/2026 - 13:58:46: Info (map "zm_3rooms") (file "addons/amxmodx/logs/error_20260517.log")
L 05/17/2026 - 13:58:46: [AMXX] Plugin file open error (plugin "ZP_CUSTOM_SI.amxx")
L 05/17/2026 - 14:21:41: Start of error session.
L 05/17/2026 - 14:21:41: Info (map "zm_iceworld_humans") (file "addons/amxmodx/logs/error_20260517.log")
L 05/17/2026 - 14:21:41: [AMXX] Plugin file open error (plugin "ZP_CUSTOM_SI.amxx")
L 05/17/2026 - 14:44:12: Start of error session.
L 05/17/2026 - 14:44:12: Info (map "zm_laura") (file "addons/amxmodx/logs/error_20260517.log")
L 05/17/2026 - 14:44:12: [AMXX] Plugin file open error (plugin "ZP_CUSTOM_SI.amxx")
L 05/17/2026 - 14:46:05: Start of error session.
L 05/17/2026 - 14:46:05: Info (map "zm_laura") (file "addons/amxmodx/logs/error_20260517.log")
L 05/17/2026 - 14:46:05: [AMXX] Plugin file open error (plugin "zp_lasermine_perfect_4.3.amxx")
L 05/17/2026 - 14:46:05: [AMXX] Plugin file open error (plugin "ZP_CUSTOM_SI.amxx")
L 05/17/2026 - 14:46:05: [AMXX] Invalid Plugin (plugin "lasermine.amxx")
L 05/17/2026 - 14:52:56: Start of error session.
L 05/17/2026 - 14:52:56: Info (map "zm_laura") (file "addons/amxmodx/logs/error_20260517.log")
L 05/17/2026 - 14:52:56: [AMXX] Plugin file open error (plugin "zp_lasermine_perfect_4.3.amxx")
L 05/17/2026 - 14:52:56: [AMXX] Plugin file open error (plugin "ZP_CUSTOM_SI.amxx")
L 05/17/2026 - 14:52:56: [AMXX] Invalid Plugin (plugin "lasermine.amxx")
L 05/17/2026 - 14:53:49: Start of error session.
L 05/17/2026 - 14:53:49: Info (map "zm_laura") (file "addons/amxmodx/logs/error_20260517.log")
L 05/17/2026 - 14:53:49: [AMXX] Plugin file open error (plugin "zp_lasermine_perfect_4.3.amxx")
L 05/17/2026 - 14:53:49: [AMXX] Plugin file open error (plugin "ZP_CUSTOM_SI.amxx")
L 05/17/2026 - 14:53:49: [AMXX] Invalid Plugin (plugin "lasermine.amxx")
L 05/17/2026 - 14:54:11: Start of error session.
L 05/17/2026 - 14:54:11: Info (map "zm_laura") (file "addons/amxmodx/logs/error_20260517.log")
L 05/17/2026 - 14:54:11: [AMXX] Plugin file open error (plugin "ZP_CUSTOM_SI.amxx")
L 05/17/2026 - 14:54:11: [AMXX] Invalid Plugin (plugin "lasermine.amxx")
L 05/17/2026 - 14:54:16: Start of error session.
L 05/17/2026 - 14:54:16: Info (map "zm_snow_volta") (file "addons/amxmodx/logs/error_20260517.log")
L 05/17/2026 - 14:54:16: [AMXX] Plugin file open error (plugin "ZP_CUSTOM_SI.amxx")
L 05/17/2026 - 14:54:16: [AMXX] Invalid Plugin (plugin "lasermine.amxx")
L 05/17/2026 - 15:04:44: Start of error session.
L 05/17/2026 - 15:04:44: Info (map "zm_snow_volta") (file "addons/amxmodx/logs/error_20260517.log")
L 05/17/2026 - 15:04:44: [AMXX] Plugin file open error (plugin "ZP_CUSTOM_SI.amxx")
L 05/17/2026 - 15:04:44: [AMXX] Invalid Plugin (plugin "lasermine.amxx")
L 05/17/2026 - 15:06:45: Start of error session.
L 05/17/2026 - 15:06:45: Info (map "zm_laura") (file "addons/amxmodx/logs/error_20260517.log")
L 05/17/2026 - 15:06:45: [AMXX] Plugin file open error (plugin "ZP_CUSTOM_SI.amxx")
L 05/17/2026 - 15:06:45: [AMXX] Invalid Plugin (plugin "lasermine.amxx")
L 05/17/2026 - 15:07:06: Start of error session.
L 05/17/2026 - 15:07:06: Info (map "zm_laura") (file "addons/amxmodx/logs/error_20260517.log")
L 05/17/2026 - 15:07:06: [AMXX] Plugin file open error (plugin "ZP_CUSTOM_SI.amxx")
L 05/17/2026 - 15:07:06: [AMXX] Invalid Plugin (plugin "lasermine.amxx")
L 05/17/2026 - 15:07:11: Start of error session.
L 05/17/2026 - 15:07:11: Info (map "zm_aztek") (file "addons/amxmodx/logs/error_20260517.log")
L 05/17/2026 - 15:07:11: [AMXX] Plugin file open error (plugin "ZP_CUSTOM_SI.amxx")
L 05/17/2026 - 15:07:11: [AMXX] Invalid Plugin (plugin "lasermine.amxx")
L 05/17/2026 - 15:18:32: Start of error session.
L 05/17/2026 - 15:18:32: Info (map "zm_laura") (file "addons/amxmodx/logs/error_20260517.log")
L 05/17/2026 - 15:18:32: [AMXX] Plugin file open error (plugin "ZP_CUSTOM_SI.amxx")
L 05/17/2026 - 15:18:32: [AMXX] Invalid Plugin (plugin "lasermine.amxx")
L 05/17/2026 - 15:18:44: Start of error session.
L 05/17/2026 - 15:18:44: Info (map "zm_laura") (file "addons/amxmodx/logs/error_20260517.log")
L 05/17/2026 - 15:18:44: [AMXX] Plugin file open error (plugin "ZP_CUSTOM_SI.amxx")
L 05/17/2026 - 15:18:44: [AMXX] Invalid Plugin (plugin "lasermine.amxx")
L 05/17/2026 - 15:19:24: Start of error session.
L 05/17/2026 - 15:19:24: Info (map "zm_laura") (file "addons/amxmodx/logs/error_20260517.log")
L 05/17/2026 - 15:19:24: [AMXX] Plugin file open error (plugin "ZP_CUSTOM_SI.amxx")
L 05/17/2026 - 15:19:24: [AMXX] Invalid Plugin (plugin "lasermine.amxx")
L 05/17/2026 - 15:19:29: Start of error session.
L 05/17/2026 - 15:19:29: Info (map "zm_biohazard_base_mx") (file "addons/amxmodx/logs/error_20260517.log")
L 05/17/2026 - 15:19:29: [AMXX] Plugin file open error (plugin "ZP_CUSTOM_SI.amxx")
L 05/17/2026 - 15:19:29: [AMXX] Invalid Plugin (plugin "lasermine.amxx")
L 05/17/2026 - 15:20:46: Start of error session.
L 05/17/2026 - 15:20:46: Info (map "zm_laura") (file "addons/amxmodx/logs/error_20260517.log")
L 05/17/2026 - 15:20:46: [AMXX] Plugin file open error (plugin "ZP_CUSTOM_SI.amxx")
L 05/17/2026 - 15:20:46: [AMXX] Invalid Plugin (plugin "lasermine.amxx")
L 05/17/2026 - 15:20:57: Start of error session.
L 05/17/2026 - 15:20:57: Info (map "zm_laura") (file "addons/amxmodx/logs/error_20260517.log")
L 05/17/2026 - 15:20:57: [AMXX] Plugin file open error (plugin "ZP_CUSTOM_SI.amxx")
L 05/17/2026 - 15:20:57: [AMXX] Invalid Plugin (plugin "lasermine.amxx")
L 05/17/2026 - 15:21:28: Start of error session.
L 05/17/2026 - 15:21:28: Info (map "zm_laura") (file "addons/amxmodx/logs/error_20260517.log")
L 05/17/2026 - 15:21:28: [AMXX] Plugin file open error (plugin "ZP_CUSTOM_SI.amxx")
L 05/17/2026 - 15:21:28: [AMXX] Invalid Plugin (plugin "lasermine.amxx")
L 05/17/2026 - 15:21:45: Start of error session.
L 05/17/2026 - 15:21:45: Info (map "zm_laura") (file "addons/amxmodx/logs/error_20260517.log")
L 05/17/2026 - 15:21:45: [AMXX] Plugin file open error (plugin "ZP_CUSTOM_SI.amxx")
L 05/17/2026 - 15:21:45: [AMXX] Invalid Plugin (plugin "lasermine.amxx")
L 05/17/2026 - 16:32:39: Start of error session.
L 05/17/2026 - 16:32:39: Info (map "zm_laura") (file "addons/amxmodx/logs/error_20260517.log")
L 05/17/2026 - 16:32:39: [AMXX] Invalid Plugin (plugin "zp50_item_antidote_bomb.amxx")
L 05/17/2026 - 16:33:50: Start of error session.
L 05/17/2026 - 16:33:50: Info (map "zm_laura") (file "addons/amxmodx/logs/error_20260517.log")
L 05/17/2026 - 16:33:50: [AMXX] Invalid Plugin (plugin "zp50_item_antidote_bomb.amxx")
L 05/17/2026 - 16:38:39: Start of error session.
L 05/17/2026 - 16:38:39: Info (map "zm_laura") (file "addons/amxmodx/logs/error_20260517.log")
L 05/17/2026 - 16:38:39: [AMXX] Invalid Plugin (plugin "zp50_item_antidote_bomb.amxx")
L 05/17/2026 - 16:38:59: Start of error session.
L 05/17/2026 - 16:38:59: Info (map "zm_laura") (file "addons/amxmodx/logs/error_20260517.log")
L 05/17/2026 - 16:38:59: [AMXX] Invalid Plugin (plugin "zp50_item_antidote_bomb.amxx")
L 05/17/2026 - 16:39:03: Start of error session.
L 05/17/2026 - 16:39:03: Info (map "zm_aztek") (file "addons/amxmodx/logs/error_20260517.log")
L 05/17/2026 - 16:39:03: [AMXX] Invalid Plugin (plugin "zp50_item_antidote_bomb.amxx")
